{"/home/travis/build/npmtest/node-npmtest-emailjs/test.js":{"path":"/home/travis/build/npmtest/node-npmtest-emailjs/test.js","s":{"1":2,"2":2,"3":2,"4":2,"5":2,"6":2,"7":2,"8":1,"9":2,"10":2,"11":1,"12":1,"13":1,"14":1,"15":2,"16":2,"17":2,"18":2,"19":1,"20":1,"21":2,"22":2,"23":2,"24":1,"25":1,"26":1,"27":1,"28":1,"29":1,"30":1,"31":1,"32":1,"33":1,"34":1,"35":1,"36":1,"37":2,"38":2,"39":1,"40":2,"41":2,"42":1,"43":2,"44":2,"45":1,"46":2,"47":2,"48":1,"49":1,"50":1,"51":1,"52":1},"b":{"1":[2,1,1,1],"2":[1,1,1,1],"3":[1,1],"4":[1,1],"5":[1,1],"6":[1,1],"7":[1,1],"8":[1,1],"9":[1,1,1],"10":[1,1],"11":[1,1],"12":[1,1],"13":[1,1],"14":[1,1],"15":[1,1],"16":[1,1]},"f":{"1":2,"2":2,"3":2,"4":2,"5":2,"6":1,"7":1,"8":2,"9":2,"10":2,"11":2,"12":1},"fnMap":{"1":{"name":"(anonymous_1)","line":12,"loc":{"start":{"line":12,"column":1},"end":{"line":12,"column":13}}},"2":{"name":"(anonymous_2)","line":19,"loc":{"start":{"line":19,"column":5},"end":{"line":19,"column":17}}},"3":{"name":"(anonymous_3)","line":23,"loc":{"start":{"line":23,"column":24},"end":{"line":23,"column":36}}},"4":{"name":"(anonymous_4)","line":61,"loc":{"start":{"line":61,"column":5},"end":{"line":61,"column":17}}},"5":{"name":"(anonymous_5)","line":82,"loc":{"start":{"line":82,"column":5},"end":{"line":82,"column":17}}},"6":{"name":"(anonymous_6)","line":102,"loc":{"start":{"line":102,"column":83},"end":{"line":105,"column":10}},"skip":true},"7":{"name":"(anonymous_7)","line":113,"loc":{"start":{"line":113,"column":77},"end":{"line":116,"column":10}},"skip":true},"8":{"name":"(anonymous_8)","line":129,"loc":{"start":{"line":129,"column":12},"end":{"line":129,"column":40}},"skip":true},"9":{"name":"(anonymous_9)","line":137,"loc":{"start":{"line":137,"column":77},"end":{"line":140,"column":10}},"skip":true},"10":{"name":"(anonymous_10)","line":148,"loc":{"start":{"line":148,"column":83},"end":{"line":151,"column":10}},"skip":true},"11":{"name":"(anonymous_11)","line":159,"loc":{"start":{"line":159,"column":79},"end":{"line":162,"column":10}},"skip":true},"12":{"name":"(anonymous_12)","line":170,"loc":{"start":{"line":170,"column":75},"end":{"line":173,"column":10}},"skip":true}},"statementMap":{"1":{"start":{"line":12,"column":0},"end":{"line":185,"column":5}},"2":{"start":{"line":14,"column":4},"end":{"line":14,"column":14}},"3":{"start":{"line":19,"column":4},"end":{"line":56,"column":9}},"4":{"start":{"line":21,"column":8},"end":{"line":21,"column":19}},"5":{"start":{"line":23,"column":8},"end":{"line":35,"column":13}},"6":{"start":{"line":24,"column":12},"end":{"line":34,"column":13}},"7":{"start":{"line":25,"column":16},"end":{"line":28,"column":30}},"8":{"start":{"line":30,"column":16},"end":{"line":33,"column":27}},"9":{"start":{"line":37,"column":8},"end":{"line":39,"column":21}},"10":{"start":{"line":40,"column":8},"end":{"line":53,"column":9}},"11":{"start":{"line":43,"column":12},"end":{"line":46,"column":14}},"12":{"start":{"line":47,"column":12},"end":{"line":47,"column":18}},"13":{"start":{"line":50,"column":12},"end":{"line":51,"column":46}},"14":{"start":{"line":52,"column":12},"end":{"line":52,"column":18}},"15":{"start":{"line":55,"column":8},"end":{"line":55,"column":35}},"16":{"start":{"line":61,"column":4},"end":{"line":63,"column":9}},"17":{"start":{"line":62,"column":8},"end":{"line":62,"column":15}},"18":{"start":{"line":64,"column":4},"end":{"line":77,"column":5}},"19":{"start":{"line":70,"column":8},"end":{"line":70,"column":14}},"20":{"start":{"line":76,"column":8},"end":{"line":76,"column":14}},"21":{"start":{"line":82,"column":4},"end":{"line":84,"column":9}},"22":{"start":{"line":83,"column":8},"end":{"line":83,"column":15}},"23":{"start":{"line":85,"column":4},"end":{"line":184,"column":5}},"24":{"start":{"line":92,"column":8},"end":{"line":94,"column":63}},"25":{"start":{"line":95,"column":8},"end":{"line":95,"column":14}},"26":{"start":{"line":102,"column":8},"end":{"line":111,"column":10},"skip":true},"27":{"start":{"line":109,"column":12},"end":{"line":109,"column":55},"skip":true},"28":{"start":{"line":110,"column":12},"end":{"line":110,"column":48},"skip":true},"29":{"start":{"line":113,"column":8},"end":{"line":126,"column":10},"skip":true},"30":{"start":{"line":120,"column":12},"end":{"line":120,"column":76},"skip":true},"31":{"start":{"line":121,"column":12},"end":{"line":121,"column":73},"skip":true},"32":{"start":{"line":122,"column":12},"end":{"line":122,"column":74},"skip":true},"33":{"start":{"line":123,"column":12},"end":{"line":123,"column":79},"skip":true},"34":{"start":{"line":124,"column":12},"end":{"line":124,"column":25},"skip":true},"35":{"start":{"line":125,"column":12},"end":{"line":125,"column":45},"skip":true},"36":{"start":{"line":128,"column":8},"end":{"line":135,"column":14},"skip":true},"37":{"start":{"line":133,"column":16},"end":{"line":133,"column":29},"skip":true},"38":{"start":{"line":134,"column":16},"end":{"line":134,"column":55},"skip":true},"39":{"start":{"line":137,"column":8},"end":{"line":146,"column":10},"skip":true},"40":{"start":{"line":144,"column":12},"end":{"line":144,"column":25},"skip":true},"41":{"start":{"line":145,"column":12},"end":{"line":145,"column":45},"skip":true},"42":{"start":{"line":148,"column":8},"end":{"line":157,"column":10},"skip":true},"43":{"start":{"line":155,"column":12},"end":{"line":155,"column":25},"skip":true},"44":{"start":{"line":156,"column":12},"end":{"line":156,"column":48},"skip":true},"45":{"start":{"line":159,"column":8},"end":{"line":168,"column":10},"skip":true},"46":{"start":{"line":166,"column":12},"end":{"line":166,"column":25},"skip":true},"47":{"start":{"line":167,"column":12},"end":{"line":167,"column":46},"skip":true},"48":{"start":{"line":170,"column":8},"end":{"line":179,"column":10},"skip":true},"49":{"start":{"line":177,"column":12},"end":{"line":177,"column":94},"skip":true},"50":{"start":{"line":178,"column":12},"end":{"line":178,"column":48},"skip":true},"51":{"start":{"line":182,"column":8},"end":{"line":182,"column":35},"skip":true},"52":{"start":{"line":183,"column":8},"end":{"line":183,"column":14},"skip":true}},"branchMap":{"1":{"line":25,"type":"binary-expr","locations":[{"start":{"line":25,"column":23},"end":{"line":25,"column":62}},{"start":{"line":26,"column":20},"end":{"line":26,"column":70}},{"start":{"line":27,"column":20},"end":{"line":27,"column":71}},{"start":{"line":28,"column":20},"end":{"line":28,"column":29}}]},"2":{"line":30,"type":"binary-expr","locations":[{"start":{"line":30,"column":23},"end":{"line":30,"column":37}},{"start":{"line":31,"column":20},"end":{"line":31,"column":61}},{"start":{"line":32,"column":20},"end":{"line":32,"column":70}},{"start":{"line":33,"column":20},"end":{"line":33,"column":26}}]},"3":{"line":37,"type":"cond-expr","locations":[{"start":{"line":38,"column":14},"end":{"line":38,"column":20}},{"start":{"line":39,"column":14},"end":{"line":39,"column":20}}]},"4":{"line":40,"type":"switch","locations":[{"start":{"line":42,"column":8},"end":{"line":47,"column":18}},{"start":{"line":49,"column":8},"end":{"line":52,"column":18}}]},"5":{"line":44,"type":"binary-expr","locations":[{"start":{"line":44,"column":16},"end":{"line":44,"column":44}},{"start":{"line":44,"column":48},"end":{"line":44,"column":66}}]},"6":{"line":50,"type":"binary-expr","locations":[{"start":{"line":50,"column":21},"end":{"line":50,"column":49}},{"start":{"line":50,"column":53},"end":{"line":50,"column":72}}]},"7":{"line":64,"type":"switch","locations":[{"start":{"line":69,"column":4},"end":{"line":70,"column":14}},{"start":{"line":75,"column":4},"end":{"line":76,"column":14}}]},"8":{"line":85,"type":"switch","locations":[{"start":{"line":90,"column":4},"end":{"line":95,"column":14}},{"start":{"line":101,"column":4},"end":{"line":183,"column":14},"skip":true}]},"9":{"line":92,"type":"binary-expr","locations":[{"start":{"line":92,"column":18},"end":{"line":92,"column":32}},{"start":{"line":93,"column":12},"end":{"line":93,"column":53}},{"start":{"line":94,"column":12},"end":{"line":94,"column":61}}]},"10":{"line":102,"type":"binary-expr","locations":[{"start":{"line":102,"column":45},"end":{"line":102,"column":79},"skip":true},{"start":{"line":102,"column":83},"end":{"line":111,"column":9},"skip":true}]},"11":{"line":113,"type":"binary-expr","locations":[{"start":{"line":113,"column":42},"end":{"line":113,"column":73},"skip":true},{"start":{"line":113,"column":77},"end":{"line":126,"column":9},"skip":true}]},"12":{"line":128,"type":"binary-expr","locations":[{"start":{"line":128,"column":48},"end":{"line":128,"column":85},"skip":true},{"start":{"line":129,"column":12},"end":{"line":135,"column":13},"skip":true}]},"13":{"line":137,"type":"binary-expr","locations":[{"start":{"line":137,"column":42},"end":{"line":137,"column":73},"skip":true},{"start":{"line":137,"column":77},"end":{"line":146,"column":9},"skip":true}]},"14":{"line":148,"type":"binary-expr","locations":[{"start":{"line":148,"column":45},"end":{"line":148,"column":79},"skip":true},{"start":{"line":148,"column":83},"end":{"line":157,"column":9},"skip":true}]},"15":{"line":159,"type":"binary-expr","locations":[{"start":{"line":159,"column":43},"end":{"line":159,"column":75},"skip":true},{"start":{"line":159,"column":79},"end":{"line":168,"column":9},"skip":true}]},"16":{"line":170,"type":"binary-expr","locations":[{"start":{"line":170,"column":41},"end":{"line":170,"column":71},"skip":true},{"start":{"line":170,"column":75},"end":{"line":179,"column":9},"skip":true}]}},"code":["/* istanbul instrument in package npmtest_emailjs */","/*jslint","    bitwise: true,","    browser: true,","    maxerr: 8,","    maxlen: 96,","    node: true,","    nomen: true,","    regexp: true,","    stupid: true","*/","(function () {","    'use strict';","    var local;","","","","    // run shared js-env code - pre-init","    (function () {","        // init local","        local = {};","        // init modeJs","        local.modeJs = (function () {","            try {","                return typeof navigator.userAgent === 'string' &&","                    typeof document.querySelector('body') === 'object' &&","                    typeof XMLHttpRequest.prototype.open === 'function' &&","                    'browser';","            } catch (errorCaughtBrowser) {","                return module.exports &&","                    typeof process.versions.node === 'string' &&","                    typeof require('http').createServer === 'function' &&","                    'node';","            }","        }());","        // init global","        local.global = local.modeJs === 'browser'","            ? window","            : global;","        switch (local.modeJs) {","        // re-init local from window.local","        case 'browser':","            local = local.global.utility2.objectSetDefault(","                local.global.utility2_rollup || local.global.local,","                local.global.utility2","            );","            break;","        // re-init local from example.js","        case 'node':","            local = (local.global.utility2_rollup || require('utility2'))","                .requireExampleJsFromReadme();","            break;","        }","        // export local","        local.global.local = local;","    }());","","","","    // run shared js-env code - function","    (function () {","        return;","    }());","    switch (local.modeJs) {","","","","    // run browser js-env code - function","    case 'browser':","        break;","","","","    // run node js-env code - function","    case 'node':","        break;","    }","","","","    // run shared js-env code - post-init","    (function () {","        return;","    }());","    switch (local.modeJs) {","","","","    // run browser js-env code - post-init","    case 'browser':","        // run tests","        local.nop(local.modeTest &&","            document.querySelector('#testRunButton1') &&","            document.querySelector('#testRunButton1').click());","        break;","","","","    // run node js-env code - post-init","    /* istanbul ignore next */","    case 'node':","        local.testCase_buildApidoc_default = local.testCase_buildApidoc_default || function (","            options,","            onError","        ) {","        /*","         * this function will test buildApidoc's default handling-behavior-behavior","         */","            options = { modulePathList: module.paths };","            local.buildApidoc(options, onError);","        };","","        local.testCase_buildApp_default = local.testCase_buildApp_default || function (","            options,","            onError","        ) {","        /*","         * this function will test buildApp's default handling-behavior-behavior","         */","            local.testCase_buildReadme_default(options, local.onErrorThrow);","            local.testCase_buildLib_default(options, local.onErrorThrow);","            local.testCase_buildTest_default(options, local.onErrorThrow);","            local.testCase_buildCustomOrg_default(options, local.onErrorThrow);","            options = [];","            local.buildApp(options, onError);","        };","","        local.testCase_buildCustomOrg_default = local.testCase_buildCustomOrg_default ||","            function (options, onError) {","            /*","             * this function will test buildCustomOrg's default handling-behavior","             */","                options = {};","                local.buildCustomOrg(options, onError);","            };","","        local.testCase_buildLib_default = local.testCase_buildLib_default || function (","            options,","            onError","        ) {","        /*","         * this function will test buildLib's default handling-behavior","         */","            options = {};","            local.buildLib(options, onError);","        };","","        local.testCase_buildReadme_default = local.testCase_buildReadme_default || function (","            options,","            onError","        ) {","        /*","         * this function will test buildReadme's default handling-behavior-behavior","         */","            options = {};","            local.buildReadme(options, onError);","        };","","        local.testCase_buildTest_default = local.testCase_buildTest_default || function (","            options,","            onError","        ) {","        /*","         * this function will test buildTest's default handling-behavior","         */","            options = {};","            local.buildTest(options, onError);","        };","","        local.testCase_webpage_default = local.testCase_webpage_default || function (","            options,","            onError","        ) {","        /*","         * this function will test webpage's default handling-behavior","         */","            options = { modeCoverageMerge: true, url: local.serverLocalHost + '?modeTest=1' };","            local.browserTest(options, onError);","        };","","        // run test-server","        local.testRunServer(local);","        break;","    }","}());",""],"l":{"12":2,"14":2,"19":2,"21":2,"23":2,"24":2,"25":2,"30":1,"37":2,"40":2,"43":1,"47":1,"50":1,"52":1,"55":2,"61":2,"62":2,"64":2,"70":1,"76":1,"82":2,"83":2,"85":2,"92":1,"95":1,"102":1,"109":1,"110":1,"113":1,"120":1,"121":1,"122":1,"123":1,"124":1,"125":1,"128":1,"133":2,"134":2,"137":1,"144":2,"145":2,"148":1,"155":2,"156":2,"159":1,"166":2,"167":2,"170":1,"177":1,"178":1,"182":1,"183":1}},"/home/travis/build/npmtest/node-npmtest-emailjs/lib.npmtest_emailjs.js":{"path":"/home/travis/build/npmtest/node-npmtest-emailjs/lib.npmtest_emailjs.js","s":{"1":2,"2":2,"3":2,"4":2,"5":2,"6":2,"7":2,"8":1,"9":2,"10":2,"11":2,"12":2,"13":1,"14":1,"15":1,"16":1},"b":{"1":[2,1,1,1],"2":[1,1,1,1],"3":[1,1],"4":[2,2],"5":[1,1]},"f":{"1":2,"2":2,"3":2},"fnMap":{"1":{"name":"(anonymous_1)","line":12,"loc":{"start":{"line":12,"column":1},"end":{"line":12,"column":13}}},"2":{"name":"(anonymous_2)","line":19,"loc":{"start":{"line":19,"column":5},"end":{"line":19,"column":17}}},"3":{"name":"(anonymous_3)","line":23,"loc":{"start":{"line":23,"column":24},"end":{"line":23,"column":36}}}},"statementMap":{"1":{"start":{"line":12,"column":0},"end":{"line":53,"column":5}},"2":{"start":{"line":14,"column":4},"end":{"line":14,"column":14}},"3":{"start":{"line":19,"column":4},"end":{"line":52,"column":9}},"4":{"start":{"line":21,"column":8},"end":{"line":21,"column":19}},"5":{"start":{"line":23,"column":8},"end":{"line":35,"column":13}},"6":{"start":{"line":24,"column":12},"end":{"line":34,"column":13}},"7":{"start":{"line":25,"column":16},"end":{"line":28,"column":30}},"8":{"start":{"line":30,"column":16},"end":{"line":33,"column":27}},"9":{"start":{"line":37,"column":8},"end":{"line":39,"column":21}},"10":{"start":{"line":41,"column":8},"end":{"line":41,"column":54}},"11":{"start":{"line":43,"column":8},"end":{"line":43,"column":52}},"12":{"start":{"line":45,"column":8},"end":{"line":51,"column":9}},"13":{"start":{"line":46,"column":12},"end":{"line":46,"column":58}},"14":{"start":{"line":48,"column":12},"end":{"line":48,"column":35}},"15":{"start":{"line":49,"column":12},"end":{"line":49,"column":49}},"16":{"start":{"line":50,"column":12},"end":{"line":50,"column":43}}},"branchMap":{"1":{"line":25,"type":"binary-expr","locations":[{"start":{"line":25,"column":23},"end":{"line":25,"column":62}},{"start":{"line":26,"column":20},"end":{"line":26,"column":70}},{"start":{"line":27,"column":20},"end":{"line":27,"column":71}},{"start":{"line":28,"column":20},"end":{"line":28,"column":29}}]},"2":{"line":30,"type":"binary-expr","locations":[{"start":{"line":30,"column":23},"end":{"line":30,"column":37}},{"start":{"line":31,"column":20},"end":{"line":31,"column":61}},{"start":{"line":32,"column":20},"end":{"line":32,"column":70}},{"start":{"line":33,"column":20},"end":{"line":33,"column":26}}]},"3":{"line":37,"type":"cond-expr","locations":[{"start":{"line":38,"column":14},"end":{"line":38,"column":20}},{"start":{"line":39,"column":14},"end":{"line":39,"column":20}}]},"4":{"line":41,"type":"binary-expr","locations":[{"start":{"line":41,"column":16},"end":{"line":41,"column":44}},{"start":{"line":41,"column":48},"end":{"line":41,"column":53}}]},"5":{"line":45,"type":"if","locations":[{"start":{"line":45,"column":8},"end":{"line":45,"column":8}},{"start":{"line":45,"column":8},"end":{"line":45,"column":8}}]}},"code":["/* istanbul instrument in package npmtest_emailjs */","/*jslint","    bitwise: true,","    browser: true,","    maxerr: 8,","    maxlen: 96,","    node: true,","    nomen: true,","    regexp: true,","    stupid: true","*/","(function () {","    'use strict';","    var local;","","","","    // run shared js-env code - pre-init","    (function () {","        // init local","        local = {};","        // init modeJs","        local.modeJs = (function () {","            try {","                return typeof navigator.userAgent === 'string' &&","                    typeof document.querySelector('body') === 'object' &&","                    typeof XMLHttpRequest.prototype.open === 'function' &&","                    'browser';","            } catch (errorCaughtBrowser) {","                return module.exports &&","                    typeof process.versions.node === 'string' &&","                    typeof require('http').createServer === 'function' &&","                    'node';","            }","        }());","        // init global","        local.global = local.modeJs === 'browser'","            ? window","            : global;","        // init utility2_rollup","        local = local.global.utility2_rollup || local;","        // init lib","        local.local = local.npmtest_emailjs = local;","        // init exports","        if (local.modeJs === 'browser') {","            local.global.utility2_npmtest_emailjs = local;","        } else {","            module.exports = local;","            module.exports.__dirname = __dirname;","            module.exports.module = module;","        }","    }());","}());",""],"l":{"12":2,"14":2,"19":2,"21":2,"23":2,"24":2,"25":2,"30":1,"37":2,"41":2,"43":2,"45":2,"46":1,"48":1,"49":1,"50":1}},"/home/travis/build/npmtest/node-npmtest-emailjs/example.js":{"path":"/home/travis/build/npmtest/node-npmtest-emailjs/example.js","s":{"1":2,"2":2,"3":2,"4":2,"5":2,"6":2,"7":2,"8":1,"9":2,"10":2,"11":2,"12":2,"13":1,"14":2,"15":2,"16":2,"17":2,"18":2,"19":0,"20":2,"21":1,"22":1,"23":1,"24":1,"25":1,"26":0,"27":0,"28":1,"29":1,"30":2,"31":0,"32":0,"33":0,"34":1,"35":2,"36":2,"37":2,"38":2,"39":2,"40":2,"41":0,"42":2,"43":2,"44":2,"45":1,"46":3,"47":1,"48":1,"49":1,"50":1,"51":1,"52":1,"53":1,"54":1,"55":1,"56":1,"57":0,"58":1,"59":6,"60":6,"61":1,"62":2,"63":0,"64":2,"65":1,"66":1,"67":0,"68":0,"69":0,"70":0,"71":0,"72":0,"73":0,"74":0,"75":0,"76":0,"77":0,"78":0,"79":0,"80":0,"81":0,"82":0,"83":0},"b":{"1":[2,1,1,1],"2":[1,1,1,1],"3":[1,1],"4":[2,2],"5":[1,1],"6":[1,1],"7":[2,0],"8":[2,1,1,1,1,1],"9":[0,2,0],"10":[1,1],"11":[2,1,1],"12":[1,0],"13":[0,2],"14":[2,0,0,0,0,0,0],"15":[0,2],"16":[2,0],"17":[1,1],"18":[0,1],"19":[1,2,0,2],"20":[1,0],"21":[1,1],"22":[0,0],"23":[0,0],"24":[0,0],"25":[0,0],"26":[0,0],"27":[0,0],"28":[0,0]},"f":{"1":2,"2":2,"3":2,"4":2,"5":2,"6":2,"7":2,"8":2,"9":3,"10":1,"11":6,"12":0},"fnMap":{"1":{"name":"(anonymous_1)","line":26,"loc":{"start":{"line":26,"column":1},"end":{"line":26,"column":13}}},"2":{"name":"(anonymous_2)","line":33,"loc":{"start":{"line":33,"column":5},"end":{"line":33,"column":17}}},"3":{"name":"(anonymous_3)","line":37,"loc":{"start":{"line":37,"column":24},"end":{"line":37,"column":36}}},"4":{"name":"(anonymous_4)","line":69,"loc":{"start":{"line":69,"column":31},"end":{"line":69,"column":48}},"skip":true},"5":{"name":"(anonymous_5)","line":78,"loc":{"start":{"line":78,"column":26},"end":{"line":78,"column":45}},"skip":true},"6":{"name":"(anonymous_6)","line":123,"loc":{"start":{"line":123,"column":33},"end":{"line":123,"column":48}},"skip":true},"7":{"name":"(anonymous_7)","line":125,"loc":{"start":{"line":125,"column":27},"end":{"line":125,"column":39}},"skip":true},"8":{"name":"(anonymous_8)","line":133,"loc":{"start":{"line":133,"column":59},"end":{"line":133,"column":74}},"skip":true},"9":{"name":"(anonymous_9)","line":143,"loc":{"start":{"line":143,"column":45},"end":{"line":143,"column":62}},"skip":true},"10":{"name":"(anonymous_10)","line":144,"loc":{"start":{"line":144,"column":73},"end":{"line":144,"column":92}},"skip":true},"11":{"name":"(anonymous_11)","line":272,"loc":{"start":{"line":272,"column":51},"end":{"line":272,"column":77}},"skip":true},"12":{"name":"(anonymous_12)","line":314,"loc":{"start":{"line":314,"column":32},"end":{"line":314,"column":61}},"skip":true}},"statementMap":{"1":{"start":{"line":26,"column":0},"end":{"line":325,"column":5}},"2":{"start":{"line":28,"column":4},"end":{"line":28,"column":14}},"3":{"start":{"line":33,"column":4},"end":{"line":60,"column":9}},"4":{"start":{"line":35,"column":8},"end":{"line":35,"column":19}},"5":{"start":{"line":37,"column":8},"end":{"line":49,"column":13}},"6":{"start":{"line":38,"column":12},"end":{"line":48,"column":13}},"7":{"start":{"line":39,"column":16},"end":{"line":42,"column":30}},"8":{"start":{"line":44,"column":16},"end":{"line":47,"column":27}},"9":{"start":{"line":51,"column":8},"end":{"line":53,"column":21}},"10":{"start":{"line":55,"column":8},"end":{"line":57,"column":45}},"11":{"start":{"line":59,"column":8},"end":{"line":59,"column":35}},"12":{"start":{"line":61,"column":4},"end":{"line":324,"column":5}},"13":{"start":{"line":69,"column":8},"end":{"line":121,"column":10},"skip":true},"14":{"start":{"line":70,"column":12},"end":{"line":88,"column":13},"skip":true},"15":{"start":{"line":76,"column":16},"end":{"line":87,"column":19},"skip":true},"16":{"start":{"line":79,"column":20},"end":{"line":86,"column":21},"skip":true},"17":{"start":{"line":82,"column":24},"end":{"line":82,"column":43},"skip":true},"18":{"start":{"line":83,"column":24},"end":{"line":83,"column":30},"skip":true},"19":{"start":{"line":85,"column":24},"end":{"line":85,"column":49},"skip":true},"20":{"start":{"line":89,"column":12},"end":{"line":107,"column":13},"skip":true},"21":{"start":{"line":92,"column":16},"end":{"line":102,"column":17},"skip":true},"22":{"start":{"line":93,"column":20},"end":{"line":93,"column":86},"skip":true},"23":{"start":{"line":94,"column":20},"end":{"line":95,"column":45},"skip":true},"24":{"start":{"line":96,"column":20},"end":{"line":96,"column":42},"skip":true},"25":{"start":{"line":97,"column":20},"end":{"line":97,"column":48},"skip":true},"26":{"start":{"line":100,"column":20},"end":{"line":100,"column":85},"skip":true},"27":{"start":{"line":101,"column":20},"end":{"line":101,"column":96},"skip":true},"28":{"start":{"line":103,"column":16},"end":{"line":103,"column":22},"skip":true},"29":{"start":{"line":106,"column":16},"end":{"line":106,"column":22},"skip":true},"30":{"start":{"line":108,"column":12},"end":{"line":120,"column":13},"skip":true},"31":{"start":{"line":114,"column":16},"end":{"line":119,"column":17},"skip":true},"32":{"start":{"line":116,"column":20},"end":{"line":116,"column":78},"skip":true},"33":{"start":{"line":118,"column":20},"end":{"line":118,"column":53},"skip":true},"34":{"start":{"line":123,"column":8},"end":{"line":141,"column":11},"skip":true},"35":{"start":{"line":124,"column":12},"end":{"line":124,"column":54},"skip":true},"36":{"start":{"line":125,"column":12},"end":{"line":140,"column":14},"skip":true},"37":{"start":{"line":126,"column":16},"end":{"line":126,"column":28},"skip":true},"38":{"start":{"line":127,"column":16},"end":{"line":127,"column":69},"skip":true},"39":{"start":{"line":128,"column":16},"end":{"line":128,"column":75},"skip":true},"40":{"start":{"line":129,"column":16},"end":{"line":131,"column":17},"skip":true},"41":{"start":{"line":130,"column":20},"end":{"line":130,"column":27},"skip":true},"42":{"start":{"line":133,"column":16},"end":{"line":137,"column":36},"skip":true},"43":{"start":{"line":134,"column":20},"end":{"line":136,"column":55},"skip":true},"44":{"start":{"line":139,"column":16},"end":{"line":139,"column":57},"skip":true},"45":{"start":{"line":143,"column":8},"end":{"line":147,"column":11},"skip":true},"46":{"start":{"line":144,"column":12},"end":{"line":146,"column":15},"skip":true},"47":{"start":{"line":145,"column":16},"end":{"line":145,"column":70},"skip":true},"48":{"start":{"line":149,"column":8},"end":{"line":149,"column":31},"skip":true},"49":{"start":{"line":150,"column":8},"end":{"line":150,"column":14},"skip":true},"50":{"start":{"line":158,"column":8},"end":{"line":158,"column":31},"skip":true},"51":{"start":{"line":160,"column":8},"end":{"line":160,"column":33},"skip":true},"52":{"start":{"line":161,"column":8},"end":{"line":161,"column":37},"skip":true},"53":{"start":{"line":162,"column":8},"end":{"line":162,"column":35},"skip":true},"54":{"start":{"line":164,"column":8},"end":{"line":164,"column":50},"skip":true},"55":{"start":{"line":166,"column":8},"end":{"line":256,"column":2},"skip":true},"56":{"start":{"line":258,"column":8},"end":{"line":286,"column":9},"skip":true},"57":{"start":{"line":259,"column":12},"end":{"line":269,"column":14},"skip":true},"58":{"start":{"line":271,"column":12},"end":{"line":285,"column":19},"skip":true},"59":{"start":{"line":274,"column":20},"end":{"line":274,"column":35},"skip":true},"60":{"start":{"line":275,"column":20},"end":{"line":284,"column":21},"skip":true},"61":{"start":{"line":277,"column":24},"end":{"line":277,"column":64},"skip":true},"62":{"start":{"line":279,"column":24},"end":{"line":279,"column":40},"skip":true},"63":{"start":{"line":281,"column":24},"end":{"line":281,"column":40},"skip":true},"64":{"start":{"line":283,"column":24},"end":{"line":283,"column":39},"skip":true},"65":{"start":{"line":288,"column":8},"end":{"line":290,"column":9},"skip":true},"66":{"start":{"line":289,"column":12},"end":{"line":289,"column":18},"skip":true},"67":{"start":{"line":291,"column":8},"end":{"line":293,"column":54},"skip":true},"68":{"start":{"line":294,"column":8},"end":{"line":301,"column":37},"skip":true},"69":{"start":{"line":302,"column":8},"end":{"line":302,"column":82},"skip":true},"70":{"start":{"line":305,"column":8},"end":{"line":307,"column":9},"skip":true},"71":{"start":{"line":306,"column":12},"end":{"line":306,"column":82},"skip":true},"72":{"start":{"line":309,"column":8},"end":{"line":311,"column":9},"skip":true},"73":{"start":{"line":310,"column":12},"end":{"line":310,"column":18},"skip":true},"74":{"start":{"line":312,"column":8},"end":{"line":312,"column":54},"skip":true},"75":{"start":{"line":313,"column":8},"end":{"line":313,"column":69},"skip":true},"76":{"start":{"line":314,"column":8},"end":{"line":322,"column":36},"skip":true},"77":{"start":{"line":315,"column":12},"end":{"line":315,"column":61},"skip":true},"78":{"start":{"line":316,"column":12},"end":{"line":319,"column":13},"skip":true},"79":{"start":{"line":317,"column":16},"end":{"line":317,"column":75},"skip":true},"80":{"start":{"line":318,"column":16},"end":{"line":318,"column":23},"skip":true},"81":{"start":{"line":320,"column":12},"end":{"line":320,"column":38},"skip":true},"82":{"start":{"line":321,"column":12},"end":{"line":321,"column":27},"skip":true},"83":{"start":{"line":323,"column":8},"end":{"line":323,"column":14},"skip":true}},"branchMap":{"1":{"line":39,"type":"binary-expr","locations":[{"start":{"line":39,"column":23},"end":{"line":39,"column":62}},{"start":{"line":40,"column":20},"end":{"line":40,"column":70}},{"start":{"line":41,"column":20},"end":{"line":41,"column":71}},{"start":{"line":42,"column":20},"end":{"line":42,"column":29}}]},"2":{"line":44,"type":"binary-expr","locations":[{"start":{"line":44,"column":23},"end":{"line":44,"column":37}},{"start":{"line":45,"column":20},"end":{"line":45,"column":61}},{"start":{"line":46,"column":20},"end":{"line":46,"column":70}},{"start":{"line":47,"column":20},"end":{"line":47,"column":26}}]},"3":{"line":51,"type":"cond-expr","locations":[{"start":{"line":52,"column":14},"end":{"line":52,"column":20}},{"start":{"line":53,"column":14},"end":{"line":53,"column":20}}]},"4":{"line":55,"type":"binary-expr","locations":[{"start":{"line":55,"column":16},"end":{"line":55,"column":44}},{"start":{"line":55,"column":49},"end":{"line":57,"column":43}}]},"5":{"line":55,"type":"cond-expr","locations":[{"start":{"line":56,"column":14},"end":{"line":56,"column":51}},{"start":{"line":57,"column":14},"end":{"line":57,"column":43}}]},"6":{"line":61,"type":"switch","locations":[{"start":{"line":68,"column":4},"end":{"line":150,"column":14},"skip":true},{"start":{"line":156,"column":4},"end":{"line":323,"column":14},"skip":true}]},"7":{"line":70,"type":"if","locations":[{"start":{"line":70,"column":12},"end":{"line":70,"column":12},"skip":true},{"start":{"line":70,"column":12},"end":{"line":70,"column":12},"skip":true}]},"8":{"line":70,"type":"binary-expr","locations":[{"start":{"line":70,"column":16},"end":{"line":70,"column":22},"skip":true},{"start":{"line":70,"column":27},"end":{"line":70,"column":32},"skip":true},{"start":{"line":71,"column":20},"end":{"line":71,"column":39},"skip":true},{"start":{"line":72,"column":20},"end":{"line":72,"column":49},"skip":true},{"start":{"line":73,"column":20},"end":{"line":73,"column":58},"skip":true},{"start":{"line":74,"column":20},"end":{"line":74,"column":69},"skip":true}]},"9":{"line":79,"type":"switch","locations":[{"start":{"line":80,"column":20},"end":{"line":80,"column":33},"skip":true},{"start":{"line":81,"column":20},"end":{"line":83,"column":30},"skip":true},{"start":{"line":84,"column":20},"end":{"line":85,"column":49},"skip":true}]},"10":{"line":89,"type":"switch","locations":[{"start":{"line":90,"column":12},"end":{"line":103,"column":22},"skip":true},{"start":{"line":105,"column":12},"end":{"line":106,"column":22},"skip":true}]},"11":{"line":89,"type":"binary-expr","locations":[{"start":{"line":89,"column":20},"end":{"line":89,"column":25},"skip":true},{"start":{"line":89,"column":29},"end":{"line":89,"column":48},"skip":true},{"start":{"line":89,"column":52},"end":{"line":89,"column":74},"skip":true}]},"12":{"line":92,"type":"if","locations":[{"start":{"line":92,"column":16},"end":{"line":92,"column":16},"skip":true},{"start":{"line":92,"column":16},"end":{"line":92,"column":16},"skip":true}]},"13":{"line":108,"type":"if","locations":[{"start":{"line":108,"column":12},"end":{"line":108,"column":12},"skip":true},{"start":{"line":108,"column":12},"end":{"line":108,"column":12},"skip":true}]},"14":{"line":108,"type":"binary-expr","locations":[{"start":{"line":108,"column":16},"end":{"line":108,"column":61},"skip":true},{"start":{"line":108,"column":66},"end":{"line":108,"column":72},"skip":true},{"start":{"line":108,"column":77},"end":{"line":108,"column":82},"skip":true},{"start":{"line":109,"column":20},"end":{"line":109,"column":39},"skip":true},{"start":{"line":110,"column":20},"end":{"line":110,"column":49},"skip":true},{"start":{"line":111,"column":20},"end":{"line":111,"column":58},"skip":true},{"start":{"line":112,"column":20},"end":{"line":112,"column":68},"skip":true}]},"15":{"line":129,"type":"if","locations":[{"start":{"line":129,"column":16},"end":{"line":129,"column":16},"skip":true},{"start":{"line":129,"column":16},"end":{"line":129,"column":16},"skip":true}]},"16":{"line":134,"type":"cond-expr","locations":[{"start":{"line":135,"column":26},"end":{"line":135,"column":29},"skip":true},{"start":{"line":136,"column":26},"end":{"line":136,"column":54},"skip":true}]},"17":{"line":164,"type":"binary-expr","locations":[{"start":{"line":164,"column":27},"end":{"line":164,"column":43},"skip":true},{"start":{"line":164,"column":47},"end":{"line":164,"column":49},"skip":true}]},"18":{"line":258,"type":"if","locations":[{"start":{"line":258,"column":8},"end":{"line":258,"column":8},"skip":true},{"start":{"line":258,"column":8},"end":{"line":258,"column":8},"skip":true}]},"19":{"line":275,"type":"switch","locations":[{"start":{"line":276,"column":20},"end":{"line":277,"column":64},"skip":true},{"start":{"line":278,"column":20},"end":{"line":279,"column":40},"skip":true},{"start":{"line":280,"column":20},"end":{"line":281,"column":40},"skip":true},{"start":{"line":282,"column":20},"end":{"line":283,"column":39},"skip":true}]},"20":{"line":288,"type":"if","locations":[{"start":{"line":288,"column":8},"end":{"line":288,"column":8},"skip":true},{"start":{"line":288,"column":8},"end":{"line":288,"column":8},"skip":true}]},"21":{"line":288,"type":"binary-expr","locations":[{"start":{"line":288,"column":12},"end":{"line":288,"column":40},"skip":true},{"start":{"line":288,"column":44},"end":{"line":288,"column":67},"skip":true}]},"22":{"line":292,"type":"binary-expr","locations":[{"start":{"line":292,"column":12},"end":{"line":292,"column":50},"skip":true},{"start":{"line":293,"column":12},"end":{"line":293,"column":53},"skip":true}]},"23":{"line":295,"type":"binary-expr","locations":[{"start":{"line":295,"column":12},"end":{"line":295,"column":65},"skip":true},{"start":{"line":296,"column":12},"end":{"line":301,"column":36},"skip":true}]},"24":{"line":302,"type":"binary-expr","locations":[{"start":{"line":302,"column":43},"end":{"line":302,"column":75},"skip":true},{"start":{"line":302,"column":79},"end":{"line":302,"column":81},"skip":true}]},"25":{"line":305,"type":"if","locations":[{"start":{"line":305,"column":8},"end":{"line":305,"column":8},"skip":true},{"start":{"line":305,"column":8},"end":{"line":305,"column":8},"skip":true}]},"26":{"line":309,"type":"if","locations":[{"start":{"line":309,"column":8},"end":{"line":309,"column":8},"skip":true},{"start":{"line":309,"column":8},"end":{"line":309,"column":8},"skip":true}]},"27":{"line":312,"type":"binary-expr","locations":[{"start":{"line":312,"column":27},"end":{"line":312,"column":43},"skip":true},{"start":{"line":312,"column":47},"end":{"line":312,"column":53},"skip":true}]},"28":{"line":316,"type":"if","locations":[{"start":{"line":316,"column":12},"end":{"line":316,"column":12},"skip":true},{"start":{"line":316,"column":12},"end":{"line":316,"column":12},"skip":true}]}},"code":["/*","example.js","","quickstart example","","instruction","    1. save this script as example.js","    2. run the shell command:","        $ npm install npmtest-emailjs && PORT=8081 node example.js","    3. play with the browser-demo on http://127.0.0.1:8081","*/","","","","/* istanbul instrument in package npmtest_emailjs */","/*jslint","    bitwise: true,","    browser: true,","    maxerr: 8,","    maxlen: 96,","    node: true,","    nomen: true,","    regexp: true,","    stupid: true","*/","(function () {","    'use strict';","    var local;","","","","    // run shared js-env code - pre-init","    (function () {","        // init local","        local = {};","        // init modeJs","        local.modeJs = (function () {","            try {","                return typeof navigator.userAgent === 'string' &&","                    typeof document.querySelector('body') === 'object' &&","                    typeof XMLHttpRequest.prototype.open === 'function' &&","                    'browser';","            } catch (errorCaughtBrowser) {","                return module.exports &&","                    typeof process.versions.node === 'string' &&","                    typeof require('http').createServer === 'function' &&","                    'node';","            }","        }());","        // init global","        local.global = local.modeJs === 'browser'","            ? window","            : global;","        // init utility2_rollup","        local = local.global.utility2_rollup || (local.modeJs === 'browser'","            ? local.global.utility2_npmtest_emailjs","            : global.utility2_moduleExports);","        // export local","        local.global.local = local;","    }());","    switch (local.modeJs) {","","","","    // post-init","    // run browser js-env code - post-init","    /* istanbul ignore next */","    case 'browser':","        local.testRunBrowser = function (event) {","            if (!event || (event &&","                    event.currentTarget &&","                    event.currentTarget.className &&","                    event.currentTarget.className.includes &&","                    event.currentTarget.className.includes('onreset'))) {","                // reset output","                Array.from(","                    document.querySelectorAll('body > .resettable')","                ).forEach(function (element) {","                    switch (element.tagName) {","                    case 'INPUT':","                    case 'TEXTAREA':","                        element.value = '';","                        break;","                    default:","                        element.textContent = '';","                    }","                });","            }","            switch (event && event.currentTarget && event.currentTarget.id) {","            case 'testRunButton1':","                // show tests","                if (document.querySelector('#testReportDiv1').style.display === 'none') {","                    document.querySelector('#testReportDiv1').style.display = 'block';","                    document.querySelector('#testRunButton1').textContent =","                        'hide internal test';","                    local.modeTest = true;","                    local.testRunDefault(local);","                // hide tests","                } else {","                    document.querySelector('#testReportDiv1').style.display = 'none';","                    document.querySelector('#testRunButton1').textContent = 'run internal test';","                }","                break;","            // custom-case","            default:","                break;","            }","            if (document.querySelector('#inputTextareaEval1') && (!event || (event &&","                    event.currentTarget &&","                    event.currentTarget.className &&","                    event.currentTarget.className.includes &&","                    event.currentTarget.className.includes('oneval')))) {","                // try to eval input-code","                try {","                    /*jslint evil: true*/","                    eval(document.querySelector('#inputTextareaEval1').value);","                } catch (errorCaught) {","                    console.error(errorCaught.stack);","                }","            }","        };","        // log stderr and stdout to #outputTextareaStdout1","        ['error', 'log'].forEach(function (key) {","            console[key + '_original'] = console[key];","            console[key] = function () {","                var element;","                console[key + '_original'].apply(console, arguments);","                element = document.querySelector('#outputTextareaStdout1');","                if (!element) {","                    return;","                }","                // append text to #outputTextareaStdout1","                element.value += Array.from(arguments).map(function (arg) {","                    return typeof arg === 'string'","                        ? arg","                        : JSON.stringify(arg, null, 4);","                }).join(' ') + '\\n';","                // scroll textarea to bottom","                element.scrollTop = element.scrollHeight;","            };","        });","        // init event-handling","        ['change', 'click', 'keyup'].forEach(function (event) {","            Array.from(document.querySelectorAll('.on' + event)).forEach(function (element) {","                element.addEventListener(event, local.testRunBrowser);","            });","        });","        // run tests","        local.testRunBrowser();","        break;","","","","    // run node js-env code - post-init","    /* istanbul ignore next */","    case 'node':","        // export local","        module.exports = local;","        // require modules","        local.fs = require('fs');","        local.http = require('http');","        local.url = require('url');","        // init assets","        local.assetsDict = local.assetsDict || {};","        /* jslint-ignore-begin */","        local.assetsDict['/assets.index.template.html'] = '\\","<!doctype html>\\n\\","<html lang=\"en\">\\n\\","<head>\\n\\","<meta charset=\"UTF-8\">\\n\\","<meta name=\"viewport\" content=\"width=device-width, initial-scale=1\">\\n\\","<title>{{env.npm_package_name}} (v{{env.npm_package_version}})</title>\\n\\","<style>\\n\\","/*csslint\\n\\","    box-sizing: false,\\n\\","    universal-selector: false\\n\\","*/\\n\\","* {\\n\\","    box-sizing: border-box;\\n\\","}\\n\\","body {\\n\\","    background: #dde;\\n\\","    font-family: Arial, Helvetica, sans-serif;\\n\\","    margin: 2rem;\\n\\","}\\n\\","body > * {\\n\\","    margin-bottom: 1rem;\\n\\","}\\n\\",".utility2FooterDiv {\\n\\","    margin-top: 20px;\\n\\","    text-align: center;\\n\\","}\\n\\","</style>\\n\\","<style>\\n\\","/*csslint\\n\\","*/\\n\\","textarea {\\n\\","    font-family: monospace;\\n\\","    height: 10rem;\\n\\","    width: 100%;\\n\\","}\\n\\","textarea[readonly] {\\n\\","    background: #ddd;\\n\\","}\\n\\","</style>\\n\\","</head>\\n\\","<body>\\n\\","<!-- utility2-comment\\n\\","<div id=\"ajaxProgressDiv1\" style=\"background: #d00; height: 2px; left: 0; margin: 0; padding: 0; position: fixed; top: 0; transition: background 0.5s, width 1.5s; width: 25%;\"></div>\\n\\","utility2-comment -->\\n\\","<h1>\\n\\","<!-- utility2-comment\\n\\","    <a\\n\\","        {{#if env.npm_package_homepage}}\\n\\","        href=\"{{env.npm_package_homepage}}\"\\n\\","        {{/if env.npm_package_homepage}}\\n\\","        target=\"_blank\"\\n\\","    >\\n\\","utility2-comment -->\\n\\","        {{env.npm_package_name}} (v{{env.npm_package_version}})\\n\\","<!-- utility2-comment\\n\\","    </a>\\n\\","utility2-comment -->\\n\\","</h1>\\n\\","<h3>{{env.npm_package_description}}</h3>\\n\\","<!-- utility2-comment\\n\\","<h4><a download href=\"assets.app.js\">download standalone app</a></h4>\\n\\","<button class=\"onclick onreset\" id=\"testRunButton1\">run internal test</button><br>\\n\\","<div id=\"testReportDiv1\" style=\"display: none;\"></div>\\n\\","utility2-comment -->\\n\\","\\n\\","\\n\\","\\n\\","<label>stderr and stdout</label>\\n\\","<textarea class=\"resettable\" id=\"outputTextareaStdout1\" readonly></textarea>\\n\\","<!-- utility2-comment\\n\\","{{#if isRollup}}\\n\\","<script src=\"assets.app.js\"></script>\\n\\","{{#unless isRollup}}\\n\\","utility2-comment -->\\n\\","<script src=\"assets.utility2.rollup.js\"></script>\\n\\","<script src=\"jsonp.utility2._stateInit?callback=window.utility2._stateInit\"></script>\\n\\","<script src=\"assets.npmtest_emailjs.rollup.js\"></script>\\n\\","<script src=\"assets.example.js\"></script>\\n\\","<script src=\"assets.test.js\"></script>\\n\\","<!-- utility2-comment\\n\\","{{/if isRollup}}\\n\\","utility2-comment -->\\n\\","<div class=\"utility2FooterDiv\">\\n\\","    [ this app was created with\\n\\","    <a href=\"https://github.com/kaizhu256/node-utility2\" target=\"_blank\">utility2</a>\\n\\","    ]\\n\\","</div>\\n\\","</body>\\n\\","</html>\\n\\","';","        /* jslint-ignore-end */","        if (local.templateRender) {","            local.assetsDict['/'] = local.templateRender(","                local.assetsDict['/assets.index.template.html'],","                {","                    env: local.objectSetDefault(local.env, {","                        npm_package_description: 'the greatest app in the world!',","                        npm_package_name: 'my-app',","                        npm_package_nameAlias: 'my_app',","                        npm_package_version: '0.0.1'","                    })","                }","            );","        } else {","            local.assetsDict['/'] = local.assetsDict['/assets.index.template.html']","                .replace((/\\{\\{env\\.(\\w+?)\\}\\}/g), function (match0, match1) {","                    // jslint-hack","                    String(match0);","                    switch (match1) {","                    case 'npm_package_description':","                        return 'the greatest app in the world!';","                    case 'npm_package_name':","                        return 'my-app';","                    case 'npm_package_nameAlias':","                        return 'my_app';","                    case 'npm_package_version':","                        return '0.0.1';","                    }","                });","        }","        // run the cli","        if (local.global.utility2_rollup || module !== require.main) {","            break;","        }","        local.assetsDict['/assets.example.js'] =","            local.assetsDict['/assets.example.js'] ||","            local.fs.readFileSync(__filename, 'utf8');","        local.assetsDict['/assets.npmtest_emailjs.rollup.js'] =","            local.assetsDict['/assets.npmtest_emailjs.rollup.js'] ||","            local.fs.readFileSync(","                // buildCustomOrg-hack","                local.npmtest_emailjs.__dirname +","                    '/lib.npmtest_emailjs.js',","                'utf8'","            ).replace((/^#!/), '//');","        local.assetsDict['/favicon.ico'] = local.assetsDict['/favicon.ico'] || '';","        // if $npm_config_timeout_exit exists,","        // then exit this process after $npm_config_timeout_exit ms","        if (Number(process.env.npm_config_timeout_exit)) {","            setTimeout(process.exit, Number(process.env.npm_config_timeout_exit));","        }","        // start server","        if (local.global.utility2_serverHttp1) {","            break;","        }","        process.env.PORT = process.env.PORT || '8081';","        console.error('server starting on port ' + process.env.PORT);","        local.http.createServer(function (request, response) {","            request.urlParsed = local.url.parse(request.url);","            if (local.assetsDict[request.urlParsed.pathname] !== undefined) {","                response.end(local.assetsDict[request.urlParsed.pathname]);","                return;","            }","            response.statusCode = 404;","            response.end();","        }).listen(process.env.PORT);","        break;","    }","}());",""],"l":{"26":2,"28":2,"33":2,"35":2,"37":2,"38":2,"39":2,"44":1,"51":2,"55":2,"59":2,"61":2,"69":1,"70":2,"76":2,"79":2,"82":2,"83":2,"85":1,"89":2,"92":1,"93":1,"94":1,"96":1,"97":1,"100":1,"101":1,"103":1,"106":1,"108":2,"114":1,"116":1,"118":1,"123":1,"124":2,"125":2,"126":2,"127":2,"128":2,"129":2,"130":1,"133":2,"134":2,"139":2,"143":1,"144":3,"145":1,"149":1,"150":1,"158":1,"160":1,"161":1,"162":1,"164":1,"166":1,"258":1,"259":1,"271":1,"274":6,"275":6,"277":1,"279":2,"281":1,"283":2,"288":1,"289":1,"291":1,"294":1,"302":1,"305":1,"306":1,"309":1,"310":1,"312":1,"313":1,"314":1,"315":1,"316":1,"317":1,"318":1,"320":1,"321":1,"323":1}},"/home/travis/build/npmtest/node-npmtest-emailjs/emailjs/email.js":{"path":"/home/travis/build/npmtest/node-npmtest-emailjs/emailjs/email.js","s":{"1":1,"2":1,"3":1},"b":{},"f":{},"fnMap":{},"statementMap":{"1":{"start":{"line":1,"column":0},"end":{"line":1,"column":42}},"2":{"start":{"line":2,"column":0},"end":{"line":2,"column":44}},"3":{"start":{"line":3,"column":0},"end":{"line":3,"column":38}}},"branchMap":{},"code":["exports.server = require('./smtp/client');","exports.message = require('./smtp/message');","exports.SMTP = require('./smtp/smtp');",""],"l":{"1":1,"2":1,"3":1}},"/home/travis/build/npmtest/node-npmtest-emailjs/emailjs/smtp/client.js":{"path":"/home/travis/build/npmtest/node-npmtest-emailjs/emailjs/smtp/client.js","s":{"1":1,"2":1,"3":1,"4":1,"5":1,"6":0,"7":0,"8":0,"9":0,"10":0,"11":1,"12":0,"13":0,"14":0,"15":0,"16":0,"17":0,"18":0,"19":0,"20":0,"21":0,"22":0,"23":0,"24":0,"25":0,"26":0,"27":0,"28":0,"29":0,"30":0,"31":0,"32":0,"33":0,"34":0,"35":0,"36":0,"37":0,"38":0,"39":0,"40":0,"41":0,"42":0,"43":0,"44":0,"45":0,"46":0,"47":0,"48":0,"49":0,"50":0,"51":0,"52":0,"53":0,"54":0,"55":0,"56":0,"57":0,"58":0,"59":0,"60":0,"61":0,"62":0,"63":0,"64":0,"65":0,"66":0,"67":0,"68":0,"69":0,"70":0,"71":0,"72":0,"73":0,"74":0,"75":0,"76":0,"77":0,"78":0,"79":0,"80":0,"81":0,"82":0,"83":0,"84":0,"85":0,"86":0,"87":0,"88":0,"89":0,"90":1,"91":1,"92":0},"b":{"1":[0,0],"2":[0,0],"3":[0,0],"4":[0,0,0],"5":[0,0],"6":[0,0],"7":[0,0],"8":[0,0],"9":[0,0],"10":[0,0,0,0,0,0,0],"11":[0,0],"12":[0,0],"13":[0,0],"14":[0,0],"15":[0,0],"16":[0,0],"17":[0,0],"18":[0,0],"19":[0,0,0,0],"20":[0,0],"21":[0,0],"22":[0,0],"23":[0,0]},"f":{"1":0,"2":0,"3":0,"4":0,"5":0,"6":0,"7":0,"8":0,"9":0,"10":0,"11":0,"12":0,"13":0,"14":0,"15":0,"16":0,"17":0,"18":0,"19":0,"20":0,"21":0,"22":0,"23":0,"24":0,"25":0,"26":0},"fnMap":{"1":{"name":"(anonymous_1)","line":6,"loc":{"start":{"line":6,"column":13},"end":{"line":7,"column":0}}},"2":{"name":"(anonymous_2)","line":19,"loc":{"start":{"line":19,"column":10},"end":{"line":20,"column":3}}},"3":{"name":"(anonymous_3)","line":35,"loc":{"start":{"line":35,"column":33},"end":{"line":35,"column":44}}},"4":{"name":"(anonymous_4)","line":38,"loc":{"start":{"line":38,"column":13},"end":{"line":39,"column":3}}},"5":{"name":"(anonymous_5)","line":42,"loc":{"start":{"line":42,"column":16},"end":{"line":43,"column":6}}},"6":{"name":"(anonymous_6)","line":46,"loc":{"start":{"line":46,"column":24},"end":{"line":47,"column":12}}},"7":{"name":"(anonymous_7)","line":81,"loc":{"start":{"line":81,"column":9},"end":{"line":82,"column":3}}},"8":{"name":"(anonymous_8)","line":93,"loc":{"start":{"line":93,"column":19},"end":{"line":94,"column":9}}},"9":{"name":"(anonymous_9)","line":102,"loc":{"start":{"line":102,"column":42},"end":{"line":102,"column":53}}},"10":{"name":"(anonymous_10)","line":125,"loc":{"start":{"line":125,"column":25},"end":{"line":125,"column":46}}},"11":{"name":"(anonymous_11)","line":127,"loc":{"start":{"line":127,"column":29},"end":{"line":127,"column":43}}},"12":{"name":"(anonymous_12)","line":128,"loc":{"start":{"line":128,"column":13},"end":{"line":128,"column":27}}},"13":{"name":"(anonymous_13)","line":137,"loc":{"start":{"line":137,"column":29},"end":{"line":137,"column":50}}},"14":{"name":"(anonymous_14)","line":143,"loc":{"start":{"line":143,"column":14},"end":{"line":144,"column":3}}},"15":{"name":"(anonymous_15)","line":146,"loc":{"start":{"line":146,"column":17},"end":{"line":147,"column":6}}},"16":{"name":"(anonymous_16)","line":156,"loc":{"start":{"line":156,"column":27},"end":{"line":156,"column":38}}},"17":{"name":"(anonymous_17)","line":163,"loc":{"start":{"line":163,"column":14},"end":{"line":164,"column":3}}},"18":{"name":"(anonymous_18)","line":171,"loc":{"start":{"line":171,"column":14},"end":{"line":172,"column":3}}},"19":{"name":"(anonymous_19)","line":177,"loc":{"start":{"line":177,"column":14},"end":{"line":178,"column":3}}},"20":{"name":"(anonymous_20)","line":183,"loc":{"start":{"line":183,"column":17},"end":{"line":184,"column":3}}},"21":{"name":"(anonymous_21)","line":187,"loc":{"start":{"line":187,"column":24},"end":{"line":187,"column":39}}},"22":{"name":"(anonymous_22)","line":188,"loc":{"start":{"line":188,"column":23},"end":{"line":188,"column":34}}},"23":{"name":"(anonymous_23)","line":188,"loc":{"start":{"line":188,"column":77},"end":{"line":188,"column":88}}},"24":{"name":"(anonymous_24)","line":192,"loc":{"start":{"line":192,"column":25},"end":{"line":192,"column":39}}},"25":{"name":"(anonymous_25)","line":195,"loc":{"start":{"line":195,"column":14},"end":{"line":196,"column":3}}},"26":{"name":"(anonymous_26)","line":206,"loc":{"start":{"line":206,"column":18},"end":{"line":207,"column":0}}}},"statementMap":{"1":{"start":{"line":1,"column":0},"end":{"line":1,"column":35}},"2":{"start":{"line":2,"column":0},"end":{"line":2,"column":38}},"3":{"start":{"line":3,"column":0},"end":{"line":3,"column":40}},"4":{"start":{"line":4,"column":0},"end":{"line":4,"column":44}},"5":{"start":{"line":6,"column":0},"end":{"line":15,"column":2}},"6":{"start":{"line":8,"column":3},"end":{"line":8,"column":45}},"7":{"start":{"line":11,"column":3},"end":{"line":11,"column":26}},"8":{"start":{"line":12,"column":3},"end":{"line":12,"column":28}},"9":{"start":{"line":13,"column":3},"end":{"line":13,"column":29}},"10":{"start":{"line":14,"column":3},"end":{"line":14,"column":29}},"11":{"start":{"line":17,"column":0},"end":{"line":202,"column":2}},"12":{"start":{"line":21,"column":6},"end":{"line":21,"column":22}},"13":{"start":{"line":23,"column":6},"end":{"line":23,"column":31}},"14":{"start":{"line":25,"column":6},"end":{"line":35,"column":73}},"15":{"start":{"line":27,"column":9},"end":{"line":31,"column":47}},"16":{"start":{"line":28,"column":12},"end":{"line":28,"column":41}},"17":{"start":{"line":30,"column":14},"end":{"line":31,"column":47}},"18":{"start":{"line":31,"column":12},"end":{"line":31,"column":47}},"19":{"start":{"line":34,"column":11},"end":{"line":35,"column":73}},"20":{"start":{"line":35,"column":9},"end":{"line":35,"column":73}},"21":{"start":{"line":35,"column":46},"end":{"line":35,"column":63}},"22":{"start":{"line":40,"column":6},"end":{"line":75,"column":8}},"23":{"start":{"line":44,"column":9},"end":{"line":74,"column":10}},"24":{"start":{"line":46,"column":12},"end":{"line":60,"column":14}},"25":{"start":{"line":48,"column":15},"end":{"line":59,"column":16}},"26":{"start":{"line":50,"column":18},"end":{"line":50,"column":36}},"27":{"start":{"line":51,"column":18},"end":{"line":51,"column":31}},"28":{"start":{"line":54,"column":18},"end":{"line":54,"column":53}},"29":{"start":{"line":57,"column":18},"end":{"line":57,"column":37}},"30":{"start":{"line":58,"column":18},"end":{"line":58,"column":31}},"31":{"start":{"line":62,"column":12},"end":{"line":66,"column":55}},"32":{"start":{"line":63,"column":15},"end":{"line":63,"column":38}},"33":{"start":{"line":66,"column":15},"end":{"line":66,"column":55}},"34":{"start":{"line":69,"column":12},"end":{"line":69,"column":47}},"35":{"start":{"line":72,"column":12},"end":{"line":72,"column":31}},"36":{"start":{"line":73,"column":12},"end":{"line":73,"column":25}},"37":{"start":{"line":77,"column":6},"end":{"line":77,"column":25}},"38":{"start":{"line":78,"column":6},"end":{"line":78,"column":33}},"39":{"start":{"line":83,"column":6},"end":{"line":83,"column":22}},"40":{"start":{"line":85,"column":6},"end":{"line":89,"column":35}},"41":{"start":{"line":89,"column":9},"end":{"line":89,"column":35}},"42":{"start":{"line":91,"column":6},"end":{"line":122,"column":77}},"43":{"start":{"line":93,"column":9},"end":{"line":119,"column":12}},"44":{"start":{"line":95,"column":12},"end":{"line":118,"column":45}},"45":{"start":{"line":97,"column":15},"end":{"line":103,"column":17}},"46":{"start":{"line":105,"column":15},"end":{"line":106,"column":75}},"47":{"start":{"line":106,"column":18},"end":{"line":106,"column":75}},"48":{"start":{"line":108,"column":15},"end":{"line":109,"column":76}},"49":{"start":{"line":109,"column":18},"end":{"line":109,"column":76}},"50":{"start":{"line":111,"column":15},"end":{"line":112,"column":88}},"51":{"start":{"line":112,"column":17},"end":{"line":112,"column":88}},"52":{"start":{"line":114,"column":15},"end":{"line":114,"column":38}},"53":{"start":{"line":115,"column":15},"end":{"line":115,"column":28}},"54":{"start":{"line":118,"column":15},"end":{"line":118,"column":45}},"55":{"start":{"line":122,"column":9},"end":{"line":122,"column":77}},"56":{"start":{"line":126,"column":4},"end":{"line":134,"column":5}},"57":{"start":{"line":127,"column":5},"end":{"line":131,"column":15}},"58":{"start":{"line":128,"column":6},"end":{"line":130,"column":8}},"59":{"start":{"line":129,"column":7},"end":{"line":129,"column":48}},"60":{"start":{"line":133,"column":5},"end":{"line":133,"column":54}},"61":{"start":{"line":138,"column":4},"end":{"line":140,"column":37}},"62":{"start":{"line":145,"column":6},"end":{"line":145,"column":24}},"63":{"start":{"line":146,"column":6},"end":{"line":158,"column":8}},"64":{"start":{"line":148,"column":9},"end":{"line":157,"column":10}},"65":{"start":{"line":150,"column":12},"end":{"line":150,"column":38}},"66":{"start":{"line":156,"column":12},"end":{"line":156,"column":71}},"67":{"start":{"line":156,"column":40},"end":{"line":156,"column":67}},"68":{"start":{"line":160,"column":6},"end":{"line":160,"column":19}},"69":{"start":{"line":165,"column":6},"end":{"line":165,"column":22}},"70":{"start":{"line":166,"column":6},"end":{"line":166,"column":48}},"71":{"start":{"line":167,"column":6},"end":{"line":167,"column":26}},"72":{"start":{"line":168,"column":6},"end":{"line":168,"column":78}},"73":{"start":{"line":173,"column":6},"end":{"line":173,"column":53}},"74":{"start":{"line":174,"column":6},"end":{"line":174,"column":109}},"75":{"start":{"line":179,"column":6},"end":{"line":179,"column":22}},"76":{"start":{"line":180,"column":6},"end":{"line":180,"column":63}},"77":{"start":{"line":185,"column":6},"end":{"line":185,"column":55}},"78":{"start":{"line":187,"column":6},"end":{"line":187,"column":69}},"79":{"start":{"line":187,"column":41},"end":{"line":187,"column":65}},"80":{"start":{"line":188,"column":6},"end":{"line":188,"column":126}},"81":{"start":{"line":188,"column":36},"end":{"line":188,"column":122}},"82":{"start":{"line":188,"column":90},"end":{"line":188,"column":118}},"83":{"start":{"line":192,"column":6},"end":{"line":192,"column":91}},"84":{"start":{"line":192,"column":41},"end":{"line":192,"column":59}},"85":{"start":{"line":192,"column":60},"end":{"line":192,"column":87}},"86":{"start":{"line":197,"column":6},"end":{"line":197,"column":22}},"87":{"start":{"line":198,"column":6},"end":{"line":198,"column":27}},"88":{"start":{"line":199,"column":6},"end":{"line":199,"column":41}},"89":{"start":{"line":200,"column":6},"end":{"line":200,"column":19}},"90":{"start":{"line":204,"column":0},"end":{"line":204,"column":24}},"91":{"start":{"line":206,"column":0},"end":{"line":209,"column":2}},"92":{"start":{"line":208,"column":3},"end":{"line":208,"column":29}}},"branchMap":{"1":{"line":25,"type":"if","locations":[{"start":{"line":25,"column":6},"end":{"line":25,"column":6}},{"start":{"line":25,"column":6},"end":{"line":25,"column":6}}]},"2":{"line":27,"type":"if","locations":[{"start":{"line":27,"column":9},"end":{"line":27,"column":9}},{"start":{"line":27,"column":9},"end":{"line":27,"column":9}}]},"3":{"line":30,"type":"if","locations":[{"start":{"line":30,"column":14},"end":{"line":30,"column":14}},{"start":{"line":30,"column":14},"end":{"line":30,"column":14}}]},"4":{"line":30,"type":"binary-expr","locations":[{"start":{"line":30,"column":17},"end":{"line":30,"column":58}},{"start":{"line":30,"column":62},"end":{"line":30,"column":75}},{"start":{"line":30,"column":79},"end":{"line":30,"column":89}}]},"5":{"line":34,"type":"if","locations":[{"start":{"line":34,"column":11},"end":{"line":34,"column":11}},{"start":{"line":34,"column":11},"end":{"line":34,"column":11}}]},"6":{"line":44,"type":"if","locations":[{"start":{"line":44,"column":9},"end":{"line":44,"column":9}},{"start":{"line":44,"column":9},"end":{"line":44,"column":9}}]},"7":{"line":48,"type":"if","locations":[{"start":{"line":48,"column":15},"end":{"line":48,"column":15}},{"start":{"line":48,"column":15},"end":{"line":48,"column":15}}]},"8":{"line":62,"type":"if","locations":[{"start":{"line":62,"column":12},"end":{"line":62,"column":12}},{"start":{"line":62,"column":12},"end":{"line":62,"column":12}}]},"9":{"line":85,"type":"if","locations":[{"start":{"line":85,"column":6},"end":{"line":85,"column":6}},{"start":{"line":85,"column":6},"end":{"line":85,"column":6}}]},"10":{"line":85,"type":"binary-expr","locations":[{"start":{"line":85,"column":9},"end":{"line":85,"column":42}},{"start":{"line":86,"column":13},"end":{"line":86,"column":21}},{"start":{"line":87,"column":14},"end":{"line":87,"column":20}},{"start":{"line":87,"column":24},"end":{"line":87,"column":30}},{"start":{"line":87,"column":34},"end":{"line":87,"column":41}},{"start":{"line":88,"column":14},"end":{"line":88,"column":22}},{"start":{"line":88,"column":26},"end":{"line":88,"column":67}}]},"11":{"line":91,"type":"if","locations":[{"start":{"line":91,"column":6},"end":{"line":91,"column":6}},{"start":{"line":91,"column":6},"end":{"line":91,"column":6}}]},"12":{"line":95,"type":"if","locations":[{"start":{"line":95,"column":12},"end":{"line":95,"column":12}},{"start":{"line":95,"column":12},"end":{"line":95,"column":12}}]},"13":{"line":102,"type":"binary-expr","locations":[{"start":{"line":102,"column":30},"end":{"line":102,"column":38}},{"start":{"line":102,"column":42},"end":{"line":102,"column":55}}]},"14":{"line":105,"type":"if","locations":[{"start":{"line":105,"column":15},"end":{"line":105,"column":15}},{"start":{"line":105,"column":15},"end":{"line":105,"column":15}}]},"15":{"line":108,"type":"if","locations":[{"start":{"line":108,"column":15},"end":{"line":108,"column":15}},{"start":{"line":108,"column":15},"end":{"line":108,"column":15}}]},"16":{"line":111,"type":"if","locations":[{"start":{"line":111,"column":15},"end":{"line":111,"column":15}},{"start":{"line":111,"column":15},"end":{"line":111,"column":15}}]},"17":{"line":111,"type":"binary-expr","locations":[{"start":{"line":111,"column":18},"end":{"line":111,"column":43}},{"start":{"line":111,"column":47},"end":{"line":111,"column":94}}]},"18":{"line":126,"type":"if","locations":[{"start":{"line":126,"column":4},"end":{"line":126,"column":4}},{"start":{"line":126,"column":4},"end":{"line":126,"column":4}}]},"19":{"line":138,"type":"binary-expr","locations":[{"start":{"line":138,"column":11},"end":{"line":138,"column":21}},{"start":{"line":139,"column":5},"end":{"line":139,"column":20}},{"start":{"line":139,"column":24},"end":{"line":139,"column":39}},{"start":{"line":140,"column":5},"end":{"line":140,"column":36}}]},"20":{"line":148,"type":"if","locations":[{"start":{"line":148,"column":9},"end":{"line":148,"column":9}},{"start":{"line":148,"column":9},"end":{"line":148,"column":9}}]},"21":{"line":148,"type":"binary-expr","locations":[{"start":{"line":148,"column":12},"end":{"line":148,"column":16}},{"start":{"line":148,"column":20},"end":{"line":148,"column":24}}]},"22":{"line":166,"type":"binary-expr","locations":[{"start":{"line":166,"column":17},"end":{"line":166,"column":33}},{"start":{"line":166,"column":37},"end":{"line":166,"column":47}}]},"23":{"line":174,"type":"cond-expr","locations":[{"start":{"line":174,"column":61},"end":{"line":174,"column":75}},{"start":{"line":174,"column":78},"end":{"line":174,"column":92}}]}},"code":["var smtp       = require('./smtp');","var smtpError    = require('./error');","var message      = require('./message');","var addressparser= require('addressparser');","","var Client = function(server)","{","   this.smtp         = new smtp.SMTP(server);","   //this.smtp.debug(1);","","   this.queue        = [];","   this.timer        = null;","   this.sending      = false;","   this.ready        = false;","};","","Client.prototype = ","{","   _poll: function()","   {","      var self = this;","","      clearTimeout(self.timer);","","      if(self.queue.length)","      {","         if(self.smtp.state() == smtp.state.NOTCONNECTED)","            self._connect(self.queue[0]);","","         else if(self.smtp.state() == smtp.state.CONNECTED && !self.sending && self.ready)","            self._sendmail(self.queue.shift());","      }","      // wait around 1 seconds in case something does come in, otherwise close out SMTP connection if still open","      else if(self.smtp.state() == smtp.state.CONNECTED)","         self.timer = setTimeout(function() { self.smtp.quit(); }, 1000);","   },","","   _connect: function(stack)","   {","      var self = this,","","      connect = function(err)","      {","         if(!err)","         {","            var begin = function(err)","            {","               if(!err)","               {","                  self.ready = true;","                  self._poll();","               }","               else {","                  stack.callback(err, stack.message);","","                  // clear out the queue so all callbacks can be called with the same error message","                  self.queue.shift();","                  self._poll();","               }","            };","","            if(!self.smtp.authorized())","               self.smtp.login(begin);","","            else","               self.smtp.ehlo_or_helo_if_needed(begin);","         }","         else {","            stack.callback(err, stack.message);","","            // clear out the queue so all callbacks can be called with the same error message","            self.queue.shift();","            self._poll();","         }","      };","","      self.ready = false;","      self.smtp.connect(connect);","   },","","   send: function(msg, callback)","   {","      var self = this;","","      if(!(msg instanceof message.Message) ","          && msg.from ","          && (msg.to || msg.cc || msg.bcc)","          && (msg.text || this._containsInlinedHtml(msg.attachment)))","         msg = message.create(msg);","","      if(msg instanceof message.Message)","      {","         msg.valid(function(valid, why)","         {","            if(valid)","            {","               var stack = ","               {","                  message:    msg,","                  to:         addressparser(msg.header.to),","                  from:       addressparser(msg.header.from)[0].address,","                  callback:   callback || function() {}","               };","","               if(msg.header.cc)","                  stack.to = stack.to.concat(addressparser(msg.header.cc));","","               if(msg.header.bcc)","                  stack.to = stack.to.concat(addressparser(msg.header.bcc));","","               if(msg.header['return-path'] && addressparser(msg.header['return-path']).length)","                 stack.returnPath = addressparser(msg.header['return-path'])[0].address;","","               self.queue.push(stack);","               self._poll();","            }","            else","               callback(new Error(why), msg);","         });","      }","      else","         callback(new Error(\"message is not a valid Message instance\"), msg);","   },","","   _containsInlinedHtml: function(attachment) {","\t   if (Array.isArray(attachment)) {","\t\t   return attachment.some((function(ctx) {","\t\t\t   return function(att) {","\t\t\t\t   return ctx._isAttachmentInlinedHtml(att);","\t\t\t   };","\t\t   })(this));","\t   } else {","\t\t   return this._isAttachmentInlinedHtml(attachment);","\t   }   ","\t},","","   _isAttachmentInlinedHtml: function(attachment) {","\t   return attachment && ","\t\t  (attachment.data || attachment.path) && ","\t\t   attachment.alternative === true;","   },","","   _sendsmtp: function(stack, next)","   {","      var self   = this;","      var check= function(err)","      {","         if(!err && next)","         {","            next.apply(self, [stack]);","         }","         else","         {","            // if we snag on SMTP commands, call done, passing the error","            // but first reset SMTP state so queue can continue polling","            self.smtp.rset(function() { self._senddone(err, stack); });","         }","      };","","      return check;","   },","","   _sendmail: function(stack)","   {","      var self = this;","      var from = stack.returnPath || stack.from;","      self.sending = true;","      self.smtp.mail(self._sendsmtp(stack, self._sendrcpt), '<' + from + '>');","   },","","   _sendrcpt: function(stack)","   {","      var self = this, to = stack.to.shift().address;","      self.smtp.rcpt(self._sendsmtp(stack, stack.to.length ? self._sendrcpt : self._senddata), '<'+ to +'>');","   },","","   _senddata: function(stack)","   {","      var self = this;","      self.smtp.data(self._sendsmtp(stack, self._sendmessage));","   },","","   _sendmessage: function(stack)","   {","      var self = this, stream = stack.message.stream();","","      stream.on('data', function(data) { self.smtp.message(data); });","      stream.on('end', function() { self.smtp.data_end(self._sendsmtp(stack, function() { self._senddone(null, stack) })); });","","      // there is no way to cancel a message while in the DATA portion, so we have to close the socket to prevent","      // a bad email from going out","      stream.on('error', function(err) { self.smtp.close(); self._senddone(err, stack); });","   },","","   _senddone: function(err, stack)","   {","      var self = this;","      self.sending = false;","      stack.callback(err, stack.message);","      self._poll();","   }","};","","exports.Client = Client;","","exports.connect = function(server)","{","   return new Client(server);","};",""],"l":{"1":1,"2":1,"3":1,"4":1,"6":1,"8":0,"11":0,"12":0,"13":0,"14":0,"17":1,"21":0,"23":0,"25":0,"27":0,"28":0,"30":0,"31":0,"34":0,"35":0,"40":0,"44":0,"46":0,"48":0,"50":0,"51":0,"54":0,"57":0,"58":0,"62":0,"63":0,"66":0,"69":0,"72":0,"73":0,"77":0,"78":0,"83":0,"85":0,"89":0,"91":0,"93":0,"95":0,"97":0,"105":0,"106":0,"108":0,"109":0,"111":0,"112":0,"114":0,"115":0,"118":0,"122":0,"126":0,"127":0,"128":0,"129":0,"133":0,"138":0,"145":0,"146":0,"148":0,"150":0,"156":0,"160":0,"165":0,"166":0,"167":0,"168":0,"173":0,"174":0,"179":0,"180":0,"185":0,"187":0,"188":0,"192":0,"197":0,"198":0,"199":0,"200":0,"204":1,"206":1,"208":0}},"/home/travis/build/npmtest/node-npmtest-emailjs/emailjs/smtp/smtp.js":{"path":"/home/travis/build/npmtest/node-npmtest-emailjs/emailjs/smtp/smtp.js","s":{"1":1,"2":1,"3":1,"4":1,"5":1,"6":1,"7":1,"8":1,"9":1,"10":1,"11":1,"12":1,"13":1,"14":1,"15":1,"16":1,"17":0,"18":0,"19":0,"20":1,"21":0,"22":1,"23":0,"24":0,"25":0,"26":0,"27":1,"28":1,"29":0,"30":0,"31":0,"32":0,"33":0,"34":0,"35":0,"36":0,"37":0,"38":0,"39":0,"40":0,"41":0,"42":0,"43":0,"44":0,"45":0,"46":0,"47":0,"48":1,"49":0,"50":0,"51":0,"52":0,"53":0,"54":0,"55":0,"56":0,"57":0,"58":0,"59":0,"60":0,"61":0,"62":0,"63":0,"64":0,"65":0,"66":0,"67":0,"68":0,"69":0,"70":0,"71":0,"72":0,"73":0,"74":0,"75":0,"76":0,"77":0,"78":0,"79":0,"80":0,"81":0,"82":0,"83":0,"84":0,"85":0,"86":0,"87":0,"88":0,"89":0,"90":0,"91":0,"92":0,"93":0,"94":0,"95":0,"96":0,"97":0,"98":0,"99":0,"100":0,"101":0,"102":0,"103":0,"104":0,"105":0,"106":0,"107":0,"108":0,"109":0,"110":0,"111":0,"112":0,"113":0,"114":0,"115":0,"116":0,"117":0,"118":0,"119":0,"120":0,"121":0,"122":0,"123":0,"124":0,"125":0,"126":0,"127":0,"128":0,"129":0,"130":0,"131":0,"132":0,"133":0,"134":0,"135":0,"136":0,"137":0,"138":0,"139":0,"140":0,"141":0,"142":0,"143":0,"144":0,"145":0,"146":0,"147":0,"148":0,"149":0,"150":0,"151":0,"152":0,"153":0,"154":0,"155":0,"156":0,"157":0,"158":0,"159":0,"160":0,"161":0,"162":0,"163":0,"164":0,"165":0,"166":0,"167":0,"168":0,"169":0,"170":0,"171":0,"172":0,"173":0,"174":0,"175":0,"176":0,"177":0,"178":0,"179":0,"180":0,"181":0,"182":0,"183":0,"184":0,"185":0,"186":0,"187":0,"188":0,"189":0,"190":0,"191":0,"192":0,"193":0,"194":0,"195":0,"196":0,"197":0,"198":0,"199":0,"200":0,"201":0,"202":0,"203":0,"204":0,"205":0,"206":0,"207":0,"208":0,"209":0,"210":0,"211":0,"212":0,"213":0,"214":0,"215":0,"216":0,"217":0,"218":0,"219":0,"220":0,"221":0,"222":0,"223":0,"224":0,"225":0,"226":0,"227":0,"228":0,"229":0,"230":0,"231":0,"232":0,"233":0,"234":0,"235":0,"236":0,"237":0,"238":0,"239":0,"240":0,"241":0,"242":0,"243":0,"244":0,"245":0,"246":0,"247":0,"248":0,"249":0,"250":0,"251":0,"252":0,"253":0,"254":0,"255":0,"256":0,"257":0,"258":0,"259":1,"260":16,"261":1,"262":1,"263":1},"b":{"1":[0,0],"2":[0,0],"3":[0,0],"4":[0,0],"5":[0,0],"6":[0,0],"7":[0,0],"8":[0,0],"9":[0,0],"10":[0,0],"11":[0,0],"12":[0,0],"13":[0,0],"14":[0,0],"15":[0,0],"16":[0,0],"17":[0,0],"18":[0,0],"19":[0,0],"20":[0,0],"21":[0,0],"22":[0,0],"23":[0,0],"24":[0,0],"25":[0,0],"26":[0,0],"27":[0,0],"28":[0,0],"29":[0,0],"30":[0,0],"31":[0,0],"32":[0,0],"33":[0,0],"34":[0,0],"35":[0,0],"36":[0,0],"37":[0,0],"38":[0,0],"39":[0,0],"40":[0,0],"41":[0,0],"42":[0,0],"43":[0,0],"44":[0,0],"45":[0,0],"46":[0,0],"47":[0,0],"48":[0,0],"49":[0,0],"50":[0,0],"51":[0,0],"52":[0,0],"53":[0,0],"54":[0,0],"55":[0,0],"56":[0,0],"57":[0,0],"58":[0,0],"59":[0,0],"60":[0,0],"61":[0,0],"62":[0,0],"63":[0,0],"64":[0,0],"65":[0,0],"66":[0,0],"67":[0,0],"68":[0,0],"69":[0,0],"70":[0,0],"71":[0,0],"72":[0,0],"73":[0,0],"74":[0,0],"75":[0,0],"76":[0,0],"77":[0,0]},"f":{"1":0,"2":0,"3":0,"4":0,"5":0,"6":0,"7":0,"8":0,"9":0,"10":0,"11":0,"12":0,"13":0,"14":0,"15":0,"16":0,"17":0,"18":0,"19":0,"20":0,"21":0,"22":0,"23":0,"24":0,"25":0,"26":0,"27":0,"28":0,"29":0,"30":0,"31":0,"32":0,"33":0,"34":0,"35":0,"36":0,"37":0,"38":0,"39":0,"40":0,"41":0,"42":0,"43":0,"44":0,"45":0,"46":0,"47":0,"48":0,"49":0,"50":0,"51":0,"52":0,"53":0,"54":0,"55":0,"56":0,"57":0,"58":0,"59":0,"60":0,"61":0,"62":0,"63":0},"fnMap":{"1":{"name":"(anonymous_1)","line":27,"loc":{"start":{"line":27,"column":10},"end":{"line":27,"column":21}}},"2":{"name":"(anonymous_2)","line":29,"loc":{"start":{"line":29,"column":50},"end":{"line":29,"column":62}}},"3":{"name":"(anonymous_3)","line":35,"loc":{"start":{"line":35,"column":16},"end":{"line":35,"column":31}}},"4":{"name":"(anonymous_4)","line":43,"loc":{"start":{"line":43,"column":13},"end":{"line":43,"column":32}}},"5":{"name":"(anonymous_5)","line":58,"loc":{"start":{"line":58,"column":11},"end":{"line":58,"column":29}}},"6":{"name":"(anonymous_6)","line":78,"loc":{"start":{"line":78,"column":14},"end":{"line":78,"column":25}}},"7":{"name":"(anonymous_7)","line":81,"loc":{"start":{"line":81,"column":18},"end":{"line":81,"column":29}}},"8":{"name":"(anonymous_8)","line":87,"loc":{"start":{"line":87,"column":9},"end":{"line":87,"column":25}}},"9":{"name":"(anonymous_9)","line":91,"loc":{"start":{"line":91,"column":9},"end":{"line":91,"column":20}}},"10":{"name":"(anonymous_10)","line":95,"loc":{"start":{"line":95,"column":14},"end":{"line":95,"column":25}}},"11":{"name":"(anonymous_11)","line":99,"loc":{"start":{"line":99,"column":11},"end":{"line":99,"column":51}}},"12":{"name":"(anonymous_12)","line":109,"loc":{"start":{"line":109,"column":16},"end":{"line":109,"column":27}}},"13":{"name":"(anonymous_13)","line":115,"loc":{"start":{"line":115,"column":20},"end":{"line":115,"column":34}}},"14":{"name":"(anonymous_14)","line":132,"loc":{"start":{"line":132,"column":19},"end":{"line":132,"column":38}}},"15":{"name":"(anonymous_15)","line":147,"loc":{"start":{"line":147,"column":18},"end":{"line":147,"column":29}}},"16":{"name":"(anonymous_16)","line":163,"loc":{"start":{"line":163,"column":65},"end":{"line":163,"column":76}}},"17":{"name":"(anonymous_17)","line":170,"loc":{"start":{"line":170,"column":8},"end":{"line":170,"column":32}}},"18":{"name":"(anonymous_18)","line":176,"loc":{"start":{"line":176,"column":21},"end":{"line":176,"column":40}}},"19":{"name":"(anonymous_19)","line":193,"loc":{"start":{"line":193,"column":11},"end":{"line":193,"column":50}}},"20":{"name":"(anonymous_20)","line":196,"loc":{"start":{"line":196,"column":19},"end":{"line":196,"column":38}}},"21":{"name":"(anonymous_21)","line":215,"loc":{"start":{"line":215,"column":8},"end":{"line":215,"column":35}}},"22":{"name":"(anonymous_22)","line":224,"loc":{"start":{"line":224,"column":17},"end":{"line":224,"column":37}}},"23":{"name":"(anonymous_23)","line":236,"loc":{"start":{"line":236,"column":12},"end":{"line":236,"column":31}}},"24":{"name":"(anonymous_24)","line":239,"loc":{"start":{"line":239,"column":17},"end":{"line":239,"column":36}}},"25":{"name":"(anonymous_25)","line":251,"loc":{"start":{"line":251,"column":39},"end":{"line":251,"column":53}}},"26":{"name":"(anonymous_26)","line":259,"loc":{"start":{"line":259,"column":58},"end":{"line":259,"column":69}}},"27":{"name":"(anonymous_27)","line":265,"loc":{"start":{"line":265,"column":26},"end":{"line":265,"column":37}}},"28":{"name":"(anonymous_28)","line":269,"loc":{"start":{"line":269,"column":26},"end":{"line":269,"column":40}}},"29":{"name":"(anonymous_29)","line":274,"loc":{"start":{"line":274,"column":60},"end":{"line":274,"column":71}}},"30":{"name":"(anonymous_30)","line":291,"loc":{"start":{"line":291,"column":39},"end":{"line":291,"column":53}}},"31":{"name":"(anonymous_31)","line":302,"loc":{"start":{"line":302,"column":23},"end":{"line":302,"column":38}}},"32":{"name":"(anonymous_32)","line":309,"loc":{"start":{"line":309,"column":29},"end":{"line":309,"column":43}}},"33":{"name":"(anonymous_33)","line":331,"loc":{"start":{"line":331,"column":8},"end":{"line":331,"column":35}}},"34":{"name":"(anonymous_34)","line":334,"loc":{"start":{"line":334,"column":17},"end":{"line":334,"column":37}}},"35":{"name":"(anonymous_35)","line":341,"loc":{"start":{"line":341,"column":26},"end":{"line":341,"column":37}}},"36":{"name":"(anonymous_36)","line":354,"loc":{"start":{"line":354,"column":12},"end":{"line":354,"column":26}}},"37":{"name":"(anonymous_37)","line":358,"loc":{"start":{"line":358,"column":8},"end":{"line":358,"column":33}}},"38":{"name":"(anonymous_38)","line":363,"loc":{"start":{"line":363,"column":8},"end":{"line":363,"column":27}}},"39":{"name":"(anonymous_39)","line":367,"loc":{"start":{"line":367,"column":8},"end":{"line":367,"column":27}}},"40":{"name":"(anonymous_40)","line":371,"loc":{"start":{"line":371,"column":8},"end":{"line":371,"column":33}}},"41":{"name":"(anonymous_41)","line":375,"loc":{"start":{"line":375,"column":8},"end":{"line":375,"column":31}}},"42":{"name":"(anonymous_42)","line":379,"loc":{"start":{"line":379,"column":8},"end":{"line":379,"column":27}}},"43":{"name":"(anonymous_43)","line":383,"loc":{"start":{"line":383,"column":12},"end":{"line":383,"column":31}}},"44":{"name":"(anonymous_44)","li
[...]
xt += possible.charAt(Math.floor(Math.random() * possible.length));","","   return text;","};","","function person2address(l)","{","  var addresses = addressparser(l);","  return addresses.map(function(addr) {","    return addr.name ? mimelib.encodeMimeWord(addr.name, 'Q', 'utf-8').replace(/,/g, '=2C') + ' ' + '<' + addr.address + '>' : addr.address;","  }).join(', ');","}","","var fix_header_name_case = function(header_name) {","    return header_name.toLowerCase().replace(/^(.)|-(.)/g, function(match) {","        return match.toUpperCase();","    });","};","","var Message = function(headers)","{","   this.attachments  = [];","   this.alternative  = null;","   var now = new Date();","   this.header       = {","      \"message-id\":\"<\" + now.getTime() + \".\" + (counter++) + \".\" + process.pid + \"@\" + os.hostname() +\">\",","      \"date\":moment().locale('en').format(\"ddd, DD MMM YYYY HH:mm:ss ZZ\")","   };","   this.content      = \"text/plain; charset=utf-8\";","","   for(var header in headers)","   {","      // allow user to override default content-type to override charset or send a single non-text message","      if(/^content-type$/i.test(header))","      {","         this.content = headers[header];","      }","      else if(header == 'text')","      {","         this.text = headers[header];","      }","      else if(header == \"attachment\" && typeof (headers[header]) == \"object\")","      {","         if(Array.isArray(headers[header])) {","            var that = this;","","            for (var i = 0, l = headers[header].length; i < l; i++) {","              this.attach(headers[header][i]);","            }","         } else {","            this.attach(headers[header]);","         }","      }","      else if(header == 'subject')","      {","         this.header.subject = mimelib.encodeMimeWord(headers.subject, 'Q', 'utf-8');","      }","      else if(/^(cc|bcc|to|from)/i.test(header))","      {","         this.header[header.toLowerCase()] = person2address(headers[header]);","      }","      else","      {","         // allow any headers the user wants to set??","         // if(/cc|bcc|to|from|reply-to|sender|subject|date|message-id/i.test(header))","         this.header[header.toLowerCase()] = headers[header];","      }","   }","};","","Message.prototype =","{","   attach: function(options)","   {","      /*","         legacy support, will remove eventually...","         arguments -> (path, type, name, headers)","      */","      if (arguments.length > 1)","        options = {path:options, type:arguments[1], name:arguments[2]};","","      // sender can specify an attachment as an alternative","      if(options.alternative)","      {","         this.alternative           = options;","         this.alternative.charset   = options.charset || \"utf-8\";","         this.alternative.type      = options.type || \"text/html\";","         this.alternative.inline    = true;","      }","      else","         this.attachments.push(options);","","      return this;","   },","","   /*","      legacy support, will remove eventually...","      should use Message.attach() instead","   */","   attach_alternative: function(html, charset)","   {","      this.alternative =","      {","         data:    html,","         charset: charset || \"utf-8\",","         type:    \"text/html\",","         inline:  true","      };","","      return this;","   },","","   valid: function(callback)","   {","      var self = this;","","      if(!self.header.from)","      {","         callback(false, \"message does not have a valid sender\");","      }","      if(!(self.header.to || self.header.cc || self.header.bcc))","      {","         callback(false, \"message does not have a valid recipient\");","      }","      else if(self.attachments.length === 0)","      {","         callback(true);","      }","      else","      {","         var check  = [];","         var failed = [];","","         self.attachments.forEach(function(attachment, index)","         {","            if(attachment.path)","            {","               // migrating path->fs for existsSync)","               if(!(fs.existsSync || path.existsSync)(attachment.path))","                  failed.push(attachment.path + \" does not exist\");","            }","            else if(attachment.stream)","            {","               if(!attachment.stream.readable)","                  failed.push(\"attachment stream is not readable\");","            }","            else if(!attachment.data)","            {","               failed.push(\"attachment has no data associated with it\");","            }","         });","","         callback(failed.length === 0, failed.join(\", \"));","      }","   },","","   stream: function()","   {","      return new MessageStream(this);","   },","","   read: function(callback)","   {","      var buffer = \"\";","","      var capture = function(data)","      {","         buffer += data;","      };","","      var output = function(err)","      {","         callback(err, buffer);","      };","","      var str = this.stream();","","      str.on('data', capture);","      str.on('end', output);","      str.on('error', output);","   }","};","","var MessageStream = function(message)","{","   var self       = this;","","   stream.Stream.call(self);","","   self.message   = message;","   self.readable  = true;","   self.paused    = false;","   self.buffer    = new Buffer(MIMECHUNK*24*7);","   self.bufferIndex = 0;","","   var output_process = function(next, args)","   {","      if(self.paused)","      {","         self.resumed = function() { next.apply(null, args); };","      }","      else","      {","         next.apply(null, args);","      }","","      next.apply(null, args);","   };","","   var output_mixed = function()","   {","      var boundary   = generate_boundary();","      var data       = [\"Content-Type: multipart/mixed; boundary=\\\"\", boundary, \"\\\"\", CRLF, CRLF, \"--\", boundary, CRLF];","","      output(data.join(''));","","      if(!self.message.alternative)","      {","         output_text(self.message);","         output_message(boundary, self.message.attachments, 0, close);","      }","      else","      {","         output_alternative(self.message, function() { output_message(boundary, self.message.attachments, 0, close); });","      }","   };","","   var output_message = function(boundary, list, index, callback)","   {","      if(index < list.length)","      {","         output([\"--\", boundary, CRLF].join(''));","","         if(list[index].related)","         {","            output_related(list[index], function() { output_message(boundary, list, index + 1, callback); });","         }","         else","         {","            output_attachment(list[index], function() { output_message(boundary, list, index + 1, callback); });","         }","      }","      else","      {","         output([CRLF, \"--\", boundary, \"--\", CRLF, CRLF].join(''));","         callback();","      }","   };","","   var output_attachment_headers = function(attachment)","   {","      var data = [],","          header,","          headers =","          {","            'content-type': attachment.type +","              (attachment.charset ? \"; charset=\" + attachment.charset : \"\") +","              (attachment.method ? \"; method=\" + attachment.method : \"\"),","            'content-transfer-encoding': 'base64',","            'content-disposition': attachment.inline ? 'inline' : 'attachment; filename=\"' + mimelib.encodeMimeWord(attachment.name, 'Q', 'utf-8') + '\"'","          };","","      for(header in (attachment.headers || {}))","      {","         // allow sender to override default headers","         headers[header.toLowerCase()] = attachment.headers[header];","      }","","      for(header in headers)","      {","         data = data.concat([fix_header_name_case(header), ': ', headers[header], CRLF]);","      }","","      output(data.concat([CRLF]).join(''));","   };","","   var output_attachment = function(attachment, callback)","   {","      var build = attachment.path ? output_file : attachment.stream ? output_stream : output_data;","      output_attachment_headers(attachment);","      build(attachment, callback);","   };","","   var output_data = function(attachment, callback)","   {","      output_base64(attachment.encoded ? attachment.data : new Buffer(attachment.data).toString(\"base64\"), callback);","   };","","   var output_file = function(attachment, next)","   {","      var chunk      = MIME64CHUNK*16;","      var buffer     = new Buffer(chunk);","      var closed     = function(fd) { fs.close(fd); };","      var opened     = function(err, fd)","      {","         if(!err)","         {","            var read = function(err, bytes)","            {","               if(!err && self.readable)","               {","                  // guaranteed to be encoded without padding unless it is our last read","                  output_base64(buffer.toString(\"base64\", 0, bytes), function()","                  {","                     if(bytes == chunk) // we read a full chunk, there might be more","                     {","                        fs.read(fd, buffer, 0, chunk, null, read);","                     }","                     else // that was the last chunk, we are done reading the file","                     {","                        self.removeListener(\"error\", closed);","                        fs.close(fd, next);","                     }","                  });","               }","               else","               {","                  self.emit('error', err || {message:\"message stream was interrupted somehow!\"});","               }","            };","","            fs.read(fd, buffer, 0, chunk, null, read);","            self.once(\"error\", closed);","         }","         else","            self.emit('error', err);","      };","","      fs.open(attachment.path, 'r', opened);","   };","","   var output_stream = function(attachment, callback)","   {","      if(attachment.stream.readable)","      {","         var previous = null;","","         attachment.stream.resume();","         attachment.stream.on('end', function()","         {","            output_base64((previous || new Buffer(0)).toString(\"base64\"), callback);","            self.removeListener('pause', attachment.stream.pause);","            self.removeListener('resume', attachment.stream.resume);","            self.removeListener('error', attachment.stream.resume);","         });","","         attachment.stream.on('data', function(buffer)","         {","            // do we have bytes from a previous stream data event?","            if(previous)","            {","               var buffer2 = Buffer.concat([previous, buffer]);","               previous    = null; // free up the buffer","               buffer      = null; // free up the buffer","               buffer      = buffer2;","            }","","            var padded = buffer.length % (MIME64CHUNK);","","            // encode as much of the buffer to base64 without empty bytes","            if(padded)","            {","               previous = new Buffer(padded);","               // copy dangling bytes into previous buffer","               buffer.copy(previous, 0, buffer.length - padded);","            }","","            output_base64(buffer.toString(\"base64\", 0, buffer.length - padded));","         });","","         self.on('pause', attachment.stream.pause);","         self.on('resume', attachment.stream.resume);","         self.on('error', attachment.stream.resume);","      }","      else","         self.emit('error', {message:\"stream not readable\"});","   };","","   var output_base64 = function(data, callback)","   {","      var loops   = Math.ceil(data.length / MIMECHUNK);","      var loop    = 0;","","      while(loop < loops)","      {","        output(data.substring(MIMECHUNK * loop, MIMECHUNK * (loop + 1)) + CRLF);","        loop++;","      }","","      if(callback)","        callback();","   };","","   var output_text = function(message)","   {","      var data = [];","","      data = data.concat([\"Content-Type:\", message.content, CRLF, \"Content-Transfer-Encoding: 7bit\", CRLF]);","      data = data.concat([\"Content-Disposition: inline\", CRLF, CRLF]);","      data = data.concat([message.text || \"\", CRLF, CRLF]);","","      output(data.join(''));","   };","","   var output_alternative = function(message, callback)","   {","      var data = [], boundary = generate_boundary();","","      data     = data.concat([\"Content-Type: multipart/alternative; boundary=\\\"\", boundary, \"\\\"\", CRLF, CRLF]);","      data     = data.concat([\"--\", boundary, CRLF]);","","      output(data.join(''));","      output_text(message);","      output([\"--\", boundary, CRLF].join(''));","","      var finish = function()","      {","         output([CRLF, \"--\", boundary, \"--\", CRLF, CRLF].join(''));","         callback();","      };","","      if(message.alternative.related)","      {","         output_related(message.alternative, finish);","      }","      else","      {","         output_attachment(message.alternative, finish);","      }","   };","","   var output_related = function(message, callback)","   {","      var data = [], boundary = generate_boundary();","","      data     = data.concat([\"Content-Type: multipart/related; boundary=\\\"\", boundary, \"\\\"\", CRLF, CRLF]);","      data     = data.concat([\"--\", boundary, CRLF]);","","      output(data.join(''));","","      output_attachment(message, function()","      {","         output_message(boundary, message.related, 0, function()","         {","            output([CRLF, \"--\", boundary, \"--\", CRLF, CRLF].join(''));","            callback();","         });","      });","   };","","   var output_header_data = function()","   {","      if(self.message.attachments.length || self.message.alternative)","      {","         output(\"MIME-Version: 1.0\" + CRLF);","         output_mixed();","      }","      else // you only have a text message!","      {","         output_text(self.message);","         close();","      }","   };","","   var output_header = function()","   {","      var data = [];","","      for(var header in self.message.header)","      {","         // do not output BCC in the headers (regex) nor custom Object.prototype functions...","         if(!(/bcc/i.test(header)) && self.message.header.hasOwnProperty (header))","            data = data.concat([fix_header_name_case(header), \": \", self.message.header[header], CRLF]);","      }","","      output(data.join(''));","      output_header_data();","   };","","   var output = function(data, callback, args)","   {","      var bytes = Buffer.byteLength(data);","","      // can we buffer the data?","      if(bytes + self.bufferIndex < self.buffer.length)","      {","         self.buffer.write(data, self.bufferIndex);","         self.bufferIndex += bytes;","","         if(callback)","            callback.apply(null, args);","      }","      // we can't buffer the data, so ship it out!","      else if(bytes > self.buffer.length)","      {","         if(self.bufferIndex)","         {","            self.emit('data', self.buffer.toString(\"utf-8\", 0, self.bufferIndex));","            self.bufferIndex = 0;","         }","","         var loops   = Math.ceil(data.length / self.buffer.length);","         var loop    = 0;","","         while(loop < loops)","         {","           self.emit('data', data.substring(self.buffer.length*loop, self.buffer.length*(loop + 1)));","           loop++;","         }","      }","      else // we need to clean out the buffer, it is getting full","      {","         if(!self.paused)","         {","            self.emit('data', self.buffer.toString(\"utf-8\", 0, self.bufferIndex));","            self.buffer.write(data, 0);","            self.bufferIndex = bytes;","","            // we could get paused after emitting data...","            if(self.paused)","            {","               self.once(\"resume\", function() { callback.apply(null, args); });","            }","            else if(callback)","            {","               callback.apply(null, args);","            }","         }","         else // we can't empty out the buffer, so let's wait till we resume before adding to it","         {","            self.once(\"resume\", function() { output(data, callback, args); });","         }","      }","   };","","   var close = function(err)","   {","      if(err)","      {","         self.emit(\"error\", err);","      }","      else","      {","         self.emit('data', self.buffer.toString(\"utf-8\", 0, self.bufferIndex));","         self.emit('end');","      }","","      self.buffer = null;","      self.bufferIndex = 0;","      self.readable = false;","      self.removeAllListeners(\"resume\");","      self.removeAllListeners(\"pause\");","      self.removeAllListeners(\"error\");","      self.removeAllListeners(\"data\");","      self.removeAllListeners(\"end\");","   };","","   self.once(\"destroy\", close);","   process.nextTick(output_header);","};","","util.inherits(MessageStream, stream.Stream);","","MessageStream.prototype.pause = function()","{","   this.paused = true;","   this.emit('pause');","};","","MessageStream.prototype.resume = function()","{","   this.paused = false;","   this.emit('resume');","};","","MessageStream.prototype.destroy = function()","{","   this.emit(\"destroy\", self.bufferIndex > 0 ? {message:\"message stream destroyed\"} : null);","};","","MessageStream.prototype.destroySoon = function()","{","   this.emit(\"destroy\");","};","","exports.Message = Message;","exports.BUFFERSIZE = BUFFERSIZE;","exports.create = function(headers)","{","   return new Message(headers);","};",""],"l":{"1":1,"2":1,"3":1,"4":1,"5":1,"6":1,"7":1,"8":1,"9":1,"10":1,"11":1,"12":1,"13":1,"14":1,"17":1,"19":0,"22":1,"24":0,"25":0,"27":0,"28":0,"30":0,"33":1,"35":0,"36":0,"37":0,"41":1,"42":0,"43":0,"47":1,"49":0,"50":0,"51":0,"52":0,"56":0,"58":0,"61":0,"63":0,"65":0,"67":0,"69":0,"71":0,"72":0,"74":0,"75":0,"78":0,"81":0,"83":0,"85":0,"87":0,"93":0,"98":1,"106":0,"107":0,"110":0,"112":0,"113":0,"114":0,"115":0,"118":0,"120":0,"129":0,"137":0,"142":0,"144":0,"146":0,"148":0,"150":0,"152":0,"154":0,"158":0,"159":0,"161":0,"163":0,"166":0,"167":0,"169":0,"171":0,"172":0,"174":0,"176":0,"180":0,"186":0,"191":0,"193":0,"195":0,"198":0,"200":0,"203":0,"205":0,"206":0,"207":0,"211":1,"213":0,"215":0,"217":0,"218":0,"219":0,"220":0,"221":0,"223":0,"225":0,"227":0,"231":0,"234":0,"237":0,"239":0,"240":0,"242":0,"244":0,"246":0,"247":0,"251":0,"255":0,"257":0,"259":0,"261":0,"263":0,"267":0,"272":0,"273":0,"277":0,"279":0,"290":0,"293":0,"296":0,"298":0,"301":0,"304":0,"306":0,"307":0,"308":0,"311":0,"313":0,"316":0,"318":0,"319":0,"320":0,"321":0,"323":0,"325":0,"327":0,"330":0,"332":0,"334":0,"338":0,"339":0,"345":0,"349":0,"350":0,"353":0,"356":0,"359":0,"361":0,"363":0,"365":0,"366":0,"368":0,"369":0,"370":0,"371":0,"374":0,"377":0,"379":0,"380":0,"381":0,"382":0,"385":0,"388":0,"390":0,"392":0,"395":0,"398":0,"399":0,"400":0,"403":0,"406":0,"408":0,"409":0,"411":0,"413":0,"414":0,"417":0,"418":0,"421":0,"423":0,"425":0,"426":0,"427":0,"429":0,"432":0,"434":0,"436":0,"437":0,"439":0,"440":0,"441":0,"443":0,"445":0,"446":0,"449":0,"451":0,"455":0,"459":0,"461":0,"463":0,"464":0,"466":0,"468":0,"470":0,"472":0,"473":0,"478":0,"480":0,"482":0,"483":0,"487":0,"488":0,"492":0,"494":0,"496":0,"499":0,"500":0,"503":0,"504":0,"507":0,"509":0,"512":0,"514":0,"515":0,"517":0,"518":0,"521":0,"523":0,"525":0,"526":0,"529":0,"530":0,"532":0,"534":0,"535":0,"540":0,"542":0,"543":0,"544":0,"547":0,"549":0,"551":0,"553":0,"558":0,"563":0,"565":0,"567":0,"571":0,"572":0,"575":0,"576":0,"577":0,"578":0,"579":0,"580":0,"581":0,"582":0,"585":0,"586":0,"589":1,"591":1,"593":0,"594":0,"597":1,"599":0,"600":0,"603":1,"605":0,"608":1,"610":0,"613":1,"614":1,"615":1,"617":0}}}